<?xml version="1.0" encoding="UTF-8"?>
<!-- Generated by org.testng.reporters.JUnitXMLReporter -->
<testsuite hostname="PMCLAP1279" ignored="0" name="Test" tests="43" failures="7" timestamp="14 Jul 2020 12:08:58 GMT" time="1259.17" errors="0">
  <testcase name="@BeforeMethod setup" time="8.029" classname="myntratestpages.Logintestpage">
    <failure type="org.openqa.selenium.ElementNotInteractableException" message="Element &amp;lt;a class=&amp;quot;desktop-linkButton&amp;quot; href=&amp;quot;/login?referer=https://www.myntra.com/&amp;quot;&amp;gt; could not be scrolled into view
Build info: version: &amp;apos;3.141.59&amp;apos;, revision: &amp;apos;e82be7d358&amp;apos;, time: &amp;apos;2018-11-14T08:25:48&amp;apos;
System info: host: &amp;apos;PMCLAP1279&amp;apos;, ip: &amp;apos;192.168.56.1&amp;apos;, os.name: &amp;apos;Windows 10&amp;apos;, os.arch: &amp;apos;amd64&amp;apos;, os.version: &amp;apos;10.0&amp;apos;, java.version: &amp;apos;1.8.0_251&amp;apos;
Driver info: org.openqa.selenium.firefox.FirefoxDriver
Capabilities {acceptInsecureCerts: true, browserName: firefox, browserVersion: 68.10.0, javascriptEnabled: true, moz:accessibilityChecks: false, moz:buildID: 20200622191537, moz:geckodriverVersion: 0.24.0, moz:headless: false, moz:processID: 27768, moz:profile: C:\Users\GehlotK\AppData\Lo..., moz:shutdownTimeout: 60000, moz:useNonSpecCompliantPointerOrigin: false, moz:webdriverClick: true, pageLoadStrategy: normal, platform: WINDOWS, platformName: WINDOWS, platformVersion: 10.0, rotatable: false, setWindowRect: true, strictFileInteractability: false, timeouts: {implicit: 0, pageLoad: 300000, script: 30000}, unhandledPromptBehavior: dismiss and notify}
Session ID: 5453df7b-541c-4986-bd51-82bed8314dfc">
      <![CDATA[org.openqa.selenium.ElementNotInteractableException: Element <a class="desktop-linkButton" href="/login?referer=https://www.myntra.com/"> could not be scrolled into view
Build info: version: '3.141.59', revision: 'e82be7d358', time: '2018-11-14T08:25:48'
System info: host: 'PMCLAP1279', ip: '192.168.56.1', os.name: 'Windows 10', os.arch: 'amd64', os.version: '10.0', java.version: '1.8.0_251'
Driver info: org.openqa.selenium.firefox.FirefoxDriver
Capabilities {acceptInsecureCerts: true, browserName: firefox, browserVersion: 68.10.0, javascriptEnabled: true, moz:accessibilityChecks: false, moz:buildID: 20200622191537, moz:geckodriverVersion: 0.24.0, moz:headless: false, moz:processID: 27768, moz:profile: C:\Users\GehlotK\AppData\Lo..., moz:shutdownTimeout: 60000, moz:useNonSpecCompliantPointerOrigin: false, moz:webdriverClick: true, pageLoadStrategy: normal, platform: WINDOWS, platformName: WINDOWS, platformVersion: 10.0, rotatable: false, setWindowRect: true, strictFileInteractability: false, timeouts: {implicit: 0, pageLoad: 300000, script: 30000}, unhandledPromptBehavior: dismiss and notify}
Session ID: 5453df7b-541c-4986-bd51-82bed8314dfc
at org.openqa.selenium.remote.http.W3CHttpResponseCodec.createException(W3CHttpResponseCodec.java:187)
at org.openqa.selenium.remote.http.W3CHttpResponseCodec.decode(W3CHttpResponseCodec.java:122)
at org.openqa.selenium.remote.http.W3CHttpResponseCodec.decode(W3CHttpResponseCodec.java:49)
at org.openqa.selenium.remote.HttpCommandExecutor.execute(HttpCommandExecutor.java:158)
at org.openqa.selenium.remote.service.DriverCommandExecutor.execute(DriverCommandExecutor.java:83)
at org.openqa.selenium.remote.RemoteWebDriver.execute(RemoteWebDriver.java:552)
at org.openqa.selenium.remote.RemoteWebElement.execute(RemoteWebElement.java:285)
at org.openqa.selenium.remote.RemoteWebElement.click(RemoteWebElement.java:84)
at org.openqa.selenium.support.pagefactory.internal.LocatingElementHandler.invoke(LocatingElementHandler.java:51)
at com.sun.proxy.$Proxy9.click(Unknown Source)
at myntrapages.Homepage.login(Homepage.java:89)
at myntratestpages.Logintestpage.setup(Logintestpage.java:25)
... Removed 35 stack frames]]>
    </failure>
  </testcase> <!-- @BeforeMethod setup -->
  <testcase name="@AfterMethod quit" time="0.0" classname="myntratestpages.Logintestpage">
    <skipped/>
  </testcase> <!-- @AfterMethod quit -->
  <testcase name="@BeforeMethod setup" time="0.0" classname="myntratestpages.Logintestpage">
    <skipped/>
  </testcase> <!-- @BeforeMethod setup -->
  <testcase name="@AfterMethod quit" time="0.0" classname="myntratestpages.Logintestpage">
    <skipped/>
  </testcase> <!-- @AfterMethod quit -->
  <testcase name="@BeforeMethod setup" time="0.0" classname="myntratestpages.Logintestpage">
    <skipped/>
  </testcase> <!-- @BeforeMethod setup -->
  <testcase name="@AfterMethod quit" time="0.0" classname="myntratestpages.Logintestpage">
    <skipped/>
  </testcase> <!-- @AfterMethod quit -->
  <testcase name="@BeforeMethod setup" time="0.0" classname="myntratestpages.Logintestpage">
    <skipped/>
  </testcase> <!-- @BeforeMethod setup -->
  <testcase name="@AfterMethod quit" time="0.0" classname="myntratestpages.Logintestpage">
    <skipped/>
  </testcase> <!-- @AfterMethod quit -->
  <testcase name="@BeforeMethod setup" time="0.0" classname="myntratestpages.Logintestpage">
    <skipped/>
  </testcase> <!-- @BeforeMethod setup -->
  <testcase name="@AfterMethod quit" time="0.0" classname="myntratestpages.Logintestpage">
    <skipped/>
  </testcase> <!-- @AfterMethod quit -->
  <testcase name="cartadded" time="0.774" classname="myntratestpages.Producttestpage"/>
  <testcase name="clickcart" time="1.366" classname="myntratestpages.Producttestpage"/>
  <testcase name="clickchangebutton" time="3.752" classname="myntratestpages.Producttestpage"/>
  <testcase name="displaybreadcrumb" time="0.041" classname="myntratestpages.Producttestpage"/>
  <testcase name="displaytickicon" time="0.346" classname="myntratestpages.Producttestpage"/>
  <testcase name="emiplan" time="0.001" classname="myntratestpages.Producttestpage">
    <failure type="java.lang.Error" message="Unresolved compilation problem: 
	The method until(Function&amp;lt;? super WebDriver,V&amp;gt;) in the type FluentWait&amp;lt;WebDriver&amp;gt; is not applicable for the arguments (ExpectedCondition&amp;lt;WebElement&amp;gt;)
">
      <![CDATA[java.lang.Error: Unresolved compilation problem: 
The method until(Function<? super WebDriver,V>) in the type FluentWait<WebDriver> is not applicable for the arguments (ExpectedCondition<WebElement>)

at myntrapages.Productpage.emiplan(Productpage.java:117)
at myntratestpages.Producttestpage.emiplan(Producttestpage.java:115)
... Removed 25 stack frames]]>
    </failure>
  </testcase> <!-- emiplan -->
  <testcase name="pincodevalidation" time="3.345" classname="myntratestpages.Producttestpage"/>
  <testcase name="pincodevalidationmessage" time="0.001" classname="myntratestpages.Producttestpage">
    <failure type="java.lang.Error" message="Unresolved compilation problem: 
	The method until(Function&amp;lt;? super WebDriver,V&amp;gt;) in the type FluentWait&amp;lt;WebDriver&amp;gt; is not applicable for the arguments (ExpectedCondition&amp;lt;WebElement&amp;gt;)
">
      <![CDATA[java.lang.Error: Unresolved compilation problem: 
The method until(Function<? super WebDriver,V>) in the type FluentWait<WebDriver> is not applicable for the arguments (ExpectedCondition<WebElement>)

at myntrapages.Productpage.invalidpincodevalidation(Productpage.java:112)
at myntratestpages.Producttestpage.pincodevalidationmessage(Producttestpage.java:108)
... Removed 25 stack frames]]>
    </failure>
  </testcase> <!-- pincodevalidationmessage -->
  <testcase name="productname" time="0.032" classname="myntratestpages.Producttestpage"/>
  <testcase name="size30" time="0.309" classname="myntratestpages.Producttestpage"/>
  <testcase name="sizechartconatinerdisplay" time="0.487" classname="myntratestpages.Producttestpage"/>
  <testcase name="title" time="3.006" classname="myntratestpages.Producttestpage"/>
  <testcase name="adv" time="0.088" classname="myntratestpages.Homepagetest"/>
  <testcase name="clickbag" time="0.821" classname="myntratestpages.Homepagetest"/>
  <testcase name="clickwishlist" time="0.803" classname="myntratestpages.Homepagetest"/>
  <testcase name="loginbuttonclick" time="4.64" classname="myntratestpages.Homepagetest"/>
  <testcase name="logo" time="0.093" classname="myntratestpages.Homepagetest"/>
  <testcase name="mencategory" time="0.12" classname="myntratestpages.Homepagetest"/>
  <testcase name="referbuttonclick" time="20.165" classname="myntratestpages.Homepagetest">
    <failure type="org.openqa.selenium.NoSuchElementException" message="Unable to locate element: //button[@class=&amp;apos;referrals-banner-exchange-more-btn&amp;apos;]
For documentation on this error, please visit: https://www.seleniumhq.org/exceptions/no_such_element.html
Build info: version: &amp;apos;3.141.59&amp;apos;, revision: &amp;apos;e82be7d358&amp;apos;, time: &amp;apos;2018-11-14T08:25:48&amp;apos;
System info: host: &amp;apos;PMCLAP1279&amp;apos;, ip: &amp;apos;192.168.56.1&amp;apos;, os.name: &amp;apos;Windows 10&amp;apos;, os.arch: &amp;apos;amd64&amp;apos;, os.version: &amp;apos;10.0&amp;apos;, java.version: &amp;apos;1.8.0_251&amp;apos;
Driver info: org.openqa.selenium.firefox.FirefoxDriver
Capabilities {acceptInsecureCerts: true, browserName: firefox, browserVersion: 68.10.0, javascriptEnabled: true, moz:accessibilityChecks: false, moz:buildID: 20200622191537, moz:geckodriverVersion: 0.24.0, moz:headless: false, moz:processID: 22836, moz:profile: C:\Users\GehlotK\AppData\Lo..., moz:shutdownTimeout: 60000, moz:useNonSpecCompliantPointerOrigin: false, moz:webdriverClick: true, pageLoadStrategy: normal, platform: WINDOWS, platformName: WINDOWS, platformVersion: 10.0, rotatable: false, setWindowRect: true, strictFileInteractability: false, timeouts: {implicit: 0, pageLoad: 300000, script: 30000}, unhandledPromptBehavior: dismiss and notify}
Session ID: 4616d291-32ea-4e0f-8d6a-47019cf2b601
*** Element info: {Using=xpath, value=//button[@class=&amp;apos;referrals-banner-exchange-more-btn&amp;apos;]}">
      <![CDATA[org.openqa.selenium.NoSuchElementException: Unable to locate element: //button[@class='referrals-banner-exchange-more-btn']
For documentation on this error, please visit: https://www.seleniumhq.org/exceptions/no_such_element.html
Build info: version: '3.141.59', revision: 'e82be7d358', time: '2018-11-14T08:25:48'
System info: host: 'PMCLAP1279', ip: '192.168.56.1', os.name: 'Windows 10', os.arch: 'amd64', os.version: '10.0', java.version: '1.8.0_251'
Driver info: org.openqa.selenium.firefox.FirefoxDriver
Capabilities {acceptInsecureCerts: true, browserName: firefox, browserVersion: 68.10.0, javascriptEnabled: true, moz:accessibilityChecks: false, moz:buildID: 20200622191537, moz:geckodriverVersion: 0.24.0, moz:headless: false, moz:processID: 22836, moz:profile: C:\Users\GehlotK\AppData\Lo..., moz:shutdownTimeout: 60000, moz:useNonSpecCompliantPointerOrigin: false, moz:webdriverClick: true, pageLoadStrategy: normal, platform: WINDOWS, platformName: WINDOWS, platformVersion: 10.0, rotatable: false, setWindowRect: true, strictFileInteractability: false, timeouts: {implicit: 0, pageLoad: 300000, script: 30000}, unhandledPromptBehavior: dismiss and notify}
Session ID: 4616d291-32ea-4e0f-8d6a-47019cf2b601
*** Element info: {Using=xpath, value=//button[@class='referrals-banner-exchange-more-btn']}
at org.openqa.selenium.remote.http.W3CHttpResponseCodec.createException(W3CHttpResponseCodec.java:187)
at org.openqa.selenium.remote.http.W3CHttpResponseCodec.decode(W3CHttpResponseCodec.java:122)
at org.openqa.selenium.remote.http.W3CHttpResponseCodec.decode(W3CHttpResponseCodec.java:49)
at org.openqa.selenium.remote.HttpCommandExecutor.execute(HttpCommandExecutor.java:158)
at org.openqa.selenium.remote.service.DriverCommandExecutor.execute(DriverCommandExecutor.java:83)
at org.openqa.selenium.remote.RemoteWebDriver.execute(RemoteWebDriver.java:552)
at org.openqa.selenium.remote.RemoteWebDriver.findElement(RemoteWebDriver.java:323)
at org.openqa.selenium.remote.RemoteWebDriver.findElementByXPath(RemoteWebDriver.java:428)
at org.openqa.selenium.By$ByXPath.findElement(By.java:353)
at org.openqa.selenium.remote.RemoteWebDriver.findElement(RemoteWebDriver.java:315)
at org.openqa.selenium.support.pagefactory.DefaultElementLocator.findElement(DefaultElementLocator.java:69)
at org.openqa.selenium.support.pagefactory.internal.LocatingElementHandler.invoke(LocatingElementHandler.java:38)
at com.sun.proxy.$Proxy9.click(Unknown Source)
at myntrapages.Homepage.referbutton(Homepage.java:82)
at myntratestpages.Homepagetest.referbuttonclick(Homepagetest.java:79)
... Removed 29 stack frames]]>
    </failure>
  </testcase> <!-- referbuttonclick -->
  <testcase name="searchsuggestio" time="22.691" classname="myntratestpages.Homepagetest"/>
  <testcase name="selectcategory" time="4.139" classname="myntratestpages.Homepagetest"/>
  <testcase name="title" time="0.004" classname="myntratestpages.Homepagetest"/>
  <testcase name="womencategory" time="0.08" classname="myntratestpages.Homepagetest"/>
  <testcase name="breadcrumb" time="0.035" classname="myntratestpages.Categorytestpage"/>
  <testcase name="clearallbuttondisplay" time="1.007" classname="myntratestpages.Categorytestpage"/>
  <testcase name="discountselection" time="0.917" classname="myntratestpages.Categorytestpage"/>
  <testcase name="fadeselection" time="0.932" classname="myntratestpages.Categorytestpage"/>
  <testcase name="product" time="10.695" classname="myntratestpages.Categorytestpage"/>
  <testcase name="productcount" time="30.833" classname="myntratestpages.Categorytestpage">
    <failure type="java.lang.AssertionError" message="expected [- 374 items] but found [- 375 items]">
      <![CDATA[java.lang.AssertionError: expected [- 374 items] but found [- 375 items]
at myntratestpages.Categorytestpage.productcount(Categorytestpage.java:43)
... Removed 31 stack frames]]>
    </failure>
  </testcase> <!-- productcount -->
  <testcase name="similarproducts" time="3.465" classname="myntratestpages.Categorytestpage">
    <failure type="org.openqa.selenium.interactions.MoveTargetOutOfBoundsException" message="(886, 2255) is out of bounds of viewport width (1536) and height (750)
Build info: version: &amp;apos;3.141.59&amp;apos;, revision: &amp;apos;e82be7d358&amp;apos;, time: &amp;apos;2018-11-14T08:25:48&amp;apos;
System info: host: &amp;apos;PMCLAP1279&amp;apos;, ip: &amp;apos;192.168.56.1&amp;apos;, os.name: &amp;apos;Windows 10&amp;apos;, os.arch: &amp;apos;amd64&amp;apos;, os.version: &amp;apos;10.0&amp;apos;, java.version: &amp;apos;1.8.0_251&amp;apos;
Driver info: org.openqa.selenium.firefox.FirefoxDriver
Capabilities {acceptInsecureCerts: true, browserName: firefox, browserVersion: 68.10.0, javascriptEnabled: true, moz:accessibilityChecks: false, moz:buildID: 20200622191537, moz:geckodriverVersion: 0.24.0, moz:headless: false, moz:processID: 26736, moz:profile: C:\Users\GehlotK\AppData\Lo..., moz:shutdownTimeout: 60000, moz:useNonSpecCompliantPointerOrigin: false, moz:webdriverClick: true, pageLoadStrategy: normal, platform: WINDOWS, platformName: WINDOWS, platformVersion: 10.0, rotatable: false, setWindowRect: true, strictFileInteractability: false, timeouts: {implicit: 0, pageLoad: 300000, script: 30000}, unhandledPromptBehavior: dismiss and notify}
Session ID: 8f1567f2-d66b-4b0f-9f1d-646e12b9f63f">
      <![CDATA[org.openqa.selenium.interactions.MoveTargetOutOfBoundsException: (886, 2255) is out of bounds of viewport width (1536) and height (750)
Build info: version: '3.141.59', revision: 'e82be7d358', time: '2018-11-14T08:25:48'
System info: host: 'PMCLAP1279', ip: '192.168.56.1', os.name: 'Windows 10', os.arch: 'amd64', os.version: '10.0', java.version: '1.8.0_251'
Driver info: org.openqa.selenium.firefox.FirefoxDriver
Capabilities {acceptInsecureCerts: true, browserName: firefox, browserVersion: 68.10.0, javascriptEnabled: true, moz:accessibilityChecks: false, moz:buildID: 20200622191537, moz:geckodriverVersion: 0.24.0, moz:headless: false, moz:processID: 26736, moz:profile: C:\Users\GehlotK\AppData\Lo..., moz:shutdownTimeout: 60000, moz:useNonSpecCompliantPointerOrigin: false, moz:webdriverClick: true, pageLoadStrategy: normal, platform: WINDOWS, platformName: WINDOWS, platformVersion: 10.0, rotatable: false, setWindowRect: true, strictFileInteractability: false, timeouts: {implicit: 0, pageLoad: 300000, script: 30000}, unhandledPromptBehavior: dismiss and notify}
Session ID: 8f1567f2-d66b-4b0f-9f1d-646e12b9f63f
at org.openqa.selenium.remote.http.W3CHttpResponseCodec.createException(W3CHttpResponseCodec.java:187)
at org.openqa.selenium.remote.http.W3CHttpResponseCodec.decode(W3CHttpResponseCodec.java:122)
at org.openqa.selenium.remote.http.W3CHttpResponseCodec.decode(W3CHttpResponseCodec.java:49)
at org.openqa.selenium.remote.HttpCommandExecutor.execute(HttpCommandExecutor.java:158)
at org.openqa.selenium.remote.service.DriverCommandExecutor.execute(DriverCommandExecutor.java:83)
at org.openqa.selenium.remote.RemoteWebDriver.execute(RemoteWebDriver.java:552)
at org.openqa.selenium.remote.RemoteWebDriver.perform(RemoteWebDriver.java:618)
at org.openqa.selenium.interactions.Actions$BuiltAction.perform(Actions.java:639)
at myntrapages.Categorypage.viewsimilar(Categorypage.java:175)
at myntratestpages.Categorytestpage.similarproducts(Categorytestpage.java:89)
... Removed 29 stack frames]]>
    </failure>
  </testcase> <!-- similarproducts -->
  <testcase name="sort" time="0.806" classname="myntratestpages.Categorytestpage"/>
  <testcase name="title" time="0.003" classname="myntratestpages.Categorytestpage"/>
  <testcase name="applyinvalidcoupon" time="24.788" classname="myntratestpages.Carttestpage">
    <failure type="org.openqa.selenium.NoSuchElementException" message="Unable to locate element: //div[@class=&amp;apos;couponsForm-base-applyButton &amp;apos; and text()=&amp;apos;APPLY&amp;apos;]
For documentation on this error, please visit: https://www.seleniumhq.org/exceptions/no_such_element.html
Build info: version: &amp;apos;3.141.59&amp;apos;, revision: &amp;apos;e82be7d358&amp;apos;, time: &amp;apos;2018-11-14T08:25:48&amp;apos;
System info: host: &amp;apos;PMCLAP1279&amp;apos;, ip: &amp;apos;192.168.56.1&amp;apos;, os.name: &amp;apos;Windows 10&amp;apos;, os.arch: &amp;apos;amd64&amp;apos;, os.version: &amp;apos;10.0&amp;apos;, java.version: &amp;apos;1.8.0_251&amp;apos;
Driver info: org.openqa.selenium.firefox.FirefoxDriver
Capabilities {acceptInsecureCerts: true, browserName: firefox, browserVersion: 68.10.0, javascriptEnabled: true, moz:accessibilityChecks: false, moz:buildID: 20200622191537, moz:geckodriverVersion: 0.24.0, moz:headless: false, moz:processID: 22208, moz:profile: C:\Users\GehlotK\AppData\Lo..., moz:shutdownTimeout: 60000, moz:useNonSpecCompliantPointerOrigin: false, moz:webdriverClick: true, pageLoadStrategy: normal, platform: WINDOWS, platformName: WINDOWS, platformVersion: 10.0, rotatable: false, setWindowRect: true, strictFileInteractability: false, timeouts: {implicit: 0, pageLoad: 300000, script: 30000}, unhandledPromptBehavior: dismiss and notify}
Session ID: 6ed82ac1-a6d6-4c36-87ee-929a9b299971
*** Element info: {Using=xpath, value=//div[@class=&amp;apos;couponsForm-base-applyButton &amp;apos; and text()=&amp;apos;APPLY&amp;apos;]}">
      <![CDATA[org.openqa.selenium.NoSuchElementException: Unable to locate element: //div[@class='couponsForm-base-applyButton ' and text()='APPLY']
For documentation on this error, please visit: https://www.seleniumhq.org/exceptions/no_such_element.html
Build info: version: '3.141.59', revision: 'e82be7d358', time: '2018-11-14T08:25:48'
System info: host: 'PMCLAP1279', ip: '192.168.56.1', os.name: 'Windows 10', os.arch: 'amd64', os.version: '10.0', java.version: '1.8.0_251'
Driver info: org.openqa.selenium.firefox.FirefoxDriver
Capabilities {acceptInsecureCerts: true, browserName: firefox, browserVersion: 68.10.0, javascriptEnabled: true, moz:accessibilityChecks: false, moz:buildID: 20200622191537, moz:geckodriverVersion: 0.24.0, moz:headless: false, moz:processID: 22208, moz:profile: C:\Users\GehlotK\AppData\Lo..., moz:shutdownTimeout: 60000, moz:useNonSpecCompliantPointerOrigin: false, moz:webdriverClick: true, pageLoadStrategy: normal, platform: WINDOWS, platformName: WINDOWS, platformVersion: 10.0, rotatable: false, setWindowRect: true, strictFileInteractability: false, timeouts: {implicit: 0, pageLoad: 300000, script: 30000}, unhandledPromptBehavior: dismiss and notify}
Session ID: 6ed82ac1-a6d6-4c36-87ee-929a9b299971
*** Element info: {Using=xpath, value=//div[@class='couponsForm-base-applyButton ' and text()='APPLY']}
at org.openqa.selenium.remote.http.W3CHttpResponseCodec.createException(W3CHttpResponseCodec.java:187)
at org.openqa.selenium.remote.http.W3CHttpResponseCodec.decode(W3CHttpResponseCodec.java:122)
at org.openqa.selenium.remote.http.W3CHttpResponseCodec.decode(W3CHttpResponseCodec.java:49)
at org.openqa.selenium.remote.HttpCommandExecutor.execute(HttpCommandExecutor.java:158)
at org.openqa.selenium.remote.service.DriverCommandExecutor.execute(DriverCommandExecutor.java:83)
at org.openqa.selenium.remote.RemoteWebDriver.execute(RemoteWebDriver.java:552)
at org.openqa.selenium.remote.RemoteWebDriver.findElement(RemoteWebDriver.java:323)
at org.openqa.selenium.remote.RemoteWebDriver.findElementByXPath(RemoteWebDriver.java:428)
at org.openqa.selenium.By$ByXPath.findElement(By.java:353)
at org.openqa.selenium.remote.RemoteWebDriver.findElement(RemoteWebDriver.java:315)
at org.openqa.selenium.support.pagefactory.DefaultElementLocator.findElement(DefaultElementLocator.java:69)
at org.openqa.selenium.support.pagefactory.internal.LocatingElementHandler.invoke(LocatingElementHandler.java:38)
at com.sun.proxy.$Proxy9.click(Unknown Source)
at myntrapages.Cartpage.applyinvalidcoupon(Cartpage.java:80)
at myntratestpages.Carttestpage.applyinvalidcoupon(Carttestpage.java:88)
... Removed 29 stack frames]]>
    </failure>
  </testcase> <!-- applyinvalidcoupon -->
  <testcase name="clickremovebutton" time="2.136" classname="myntratestpages.Carttestpage"/>
  <testcase name="placeorder" time="2.144" classname="myntratestpages.Carttestpage">
    <failure type="org.openqa.selenium.ElementNotInteractableException" message="Element &amp;lt;a class=&amp;quot;desktop-linkButton&amp;quot; href=&amp;quot;/login?referer=https://www.myntra.com/jeans/kook-n-keech/kook-n-keech-men-black-cargo-jogger-fit-mid-rise-clean-look-stretchable-jeans/10474908/buy&amp;quot;&amp;gt; could not be scrolled into view
Build info: version: &amp;apos;3.141.59&amp;apos;, revision: &amp;apos;e82be7d358&amp;apos;, time: &amp;apos;2018-11-14T08:25:48&amp;apos;
System info: host: &amp;apos;PMCLAP1279&amp;apos;, ip: &amp;apos;192.168.56.1&amp;apos;, os.name: &amp;apos;Windows 10&amp;apos;, os.arch: &amp;apos;amd64&amp;apos;, os.version: &amp;apos;10.0&amp;apos;, java.version: &amp;apos;1.8.0_251&amp;apos;
Driver info: org.openqa.selenium.firefox.FirefoxDriver
Capabilities {acceptInsecureCerts: true, browserName: firefox, browserVersion: 68.10.0, javascriptEnabled: true, moz:accessibilityChecks: false, moz:buildID: 20200622191537, moz:geckodriverVersion: 0.24.0, moz:headless: false, moz:processID: 16632, moz:profile: C:\Users\GehlotK\AppData\Lo..., moz:shutdownTimeout: 60000, moz:useNonSpecCompliantPointerOrigin: false, moz:webdriverClick: true, pageLoadStrategy: normal, platform: WINDOWS, platformName: WINDOWS, platformVersion: 10.0, rotatable: false, setWindowRect: true, strictFileInteractability: false, timeouts: {implicit: 0, pageLoad: 300000, script: 30000}, unhandledPromptBehavior: dismiss and notify}
Session ID: bfafcb42-bb48-4b5c-9069-94f9e7ad45ea">
      <![CDATA[org.openqa.selenium.ElementNotInteractableException: Element <a class="desktop-linkButton" href="/login?referer=https://www.myntra.com/jeans/kook-n-keech/kook-n-keech-men-black-cargo-jogger-fit-mid-rise-clean-look-stretchable-jeans/10474908/buy"> could not be scrolled into view
Build info: version: '3.141.59', revision: 'e82be7d358', time: '2018-11-14T08:25:48'
System info: host: 'PMCLAP1279', ip: '192.168.56.1', os.name: 'Windows 10', os.arch: 'amd64', os.version: '10.0', java.version: '1.8.0_251'
Driver info: org.openqa.selenium.firefox.FirefoxDriver
Capabilities {acceptInsecureCerts: true, browserName: firefox, browserVersion: 68.10.0, javascriptEnabled: true, moz:accessibilityChecks: false, moz:buildID: 20200622191537, moz:geckodriverVersion: 0.24.0, moz:headless: false, moz:processID: 16632, moz:profile: C:\Users\GehlotK\AppData\Lo..., moz:shutdownTimeout: 60000, moz:useNonSpecCompliantPointerOrigin: false, moz:webdriverClick: true, pageLoadStrategy: normal, platform: WINDOWS, platformName: WINDOWS, platformVersion: 10.0, rotatable: false, setWindowRect: true, strictFileInteractability: false, timeouts: {implicit: 0, pageLoad: 300000, script: 30000}, unhandledPromptBehavior: dismiss and notify}
Session ID: bfafcb42-bb48-4b5c-9069-94f9e7ad45ea
at org.openqa.selenium.remote.http.W3CHttpResponseCodec.createException(W3CHttpResponseCodec.java:187)
at org.openqa.selenium.remote.http.W3CHttpResponseCodec.decode(W3CHttpResponseCodec.java:122)
at org.openqa.selenium.remote.http.W3CHttpResponseCodec.decode(W3CHttpResponseCodec.java:49)
at org.openqa.selenium.remote.HttpCommandExecutor.execute(HttpCommandExecutor.java:158)
at org.openqa.selenium.remote.service.DriverCommandExecutor.execute(DriverCommandExecutor.java:83)
at org.openqa.selenium.remote.RemoteWebDriver.execute(RemoteWebDriver.java:552)
at org.openqa.selenium.remote.RemoteWebElement.execute(RemoteWebElement.java:285)
at org.openqa.selenium.remote.RemoteWebElement.click(RemoteWebElement.java:84)
at org.openqa.selenium.support.pagefactory.internal.LocatingElementHandler.invoke(LocatingElementHandler.java:51)
at com.sun.proxy.$Proxy9.click(Unknown Source)
at myntrapages.Homepage.login(Homepage.java:89)
at myntratestpages.Carttestpage.placeorder(Carttestpage.java:96)
... Removed 32 stack frames]]>
    </failure>
  </testcase> <!-- placeorder -->
  <testcase name="shoppingbagtext" time="1.868" classname="myntratestpages.Carttestpage"/>
  <testcase name="title" time="1.268" classname="myntratestpages.Carttestpage"/>
  <testcase name="updatesize" time="2.217" classname="myntratestpages.Carttestpage"/>
  <testcase name="login" time="0.0" classname="myntratestpages.Logintestpage">
    <skipped/>
  </testcase> <!-- login -->
  <testcase name="loginlabel" time="0.0" classname="myntratestpages.Logintestpage">
    <skipped/>
  </testcase> <!-- loginlabel -->
  <testcase name="loginscreenimage" time="0.0" classname="myntratestpages.Logintestpage">
    <skipped/>
  </testcase> <!-- loginscreenimage -->
  <testcase name="passwordreset" time="0.0" classname="myntratestpages.Logintestpage">
    <skipped/>
  </testcase> <!-- passwordreset -->
  <testcase name="telcode" time="0.0" classname="myntratestpages.Logintestpage">
    <skipped/>
  </testcase> <!-- telcode -->
</testsuite> <!-- Test -->
