<!DOCTYPE html PUBLIC "-//W3C//DTD XHTML 1.1//EN" "http://www.w3.org/TR/xhtml11/DTD/xhtml11.dtd">
<html xmlns="http://www.w3.org/1999/xhtml">
<head>
<meta http-equiv="content-type" content="text/html; charset=UTF-8"/>
<title>TestNG Report</title>
<style type="text/css">table {margin-bottom:10px;border-collapse:collapse;empty-cells:show}th,td {border:1px solid #009;padding:.25em .5em}th {vertical-align:bottom}td {vertical-align:top}table a {font-weight:bold}.stripe td {background-color: #E6EBF9}.num {text-align:right}.passedodd td {background-color: #3F3}.passedeven td {background-color: #0A0}.skippedodd td {background-color: #DDD}.skippedeven td {background-color: #CCC}.failedodd td,.attn {background-color: #F33}.failedeven td,.stripe .attn {background-color: #D00}.stacktrace {white-space:pre;font-family:monospace}.totop {font-size:85%;text-align:center;border-bottom:2px solid #000}.invisible {display:none}</style>
</head>
<body>
<table>
<tr><th>Test</th><th># Passed</th><th># Skipped</th><th># Failed</th><th>Time (ms)</th><th>Included Groups</th><th>Excluded Groups</th></tr>
<tr><th colspan="7">Suite</th></tr>
<tr><td><a href="#t0">Test</a></td><td class="num">36</td><td class="num">0</td><td class="num attn">7</td><td class="num">1,668,128</td><td></td><td></td></tr>
</table>
<table id='summary'><thead><tr><th>Class</th><th>Method</th><th>Start</th><th>Time (ms)</th></tr></thead><tbody><tr><th colspan="4">Suite</th></tr></tbody><tbody id="t0"><tr><th colspan="4">Test &#8212; failed</th></tr><tr class="failedeven"><td rowspan="3">myntratestpages.Carttestpage</td><td><a href="#m0">applyinvalidcoupon</a></td><td rowspan="1">1595324158291</td><td rowspan="1">71645</td></tr><tr class="failedeven"><td><a href="#m1">clickremovebutton</a></td><td rowspan="1">1595324268859</td><td rowspan="1">60040</td></tr><tr class="failedeven"><td><a href="#m2">placeorder</a></td><td rowspan="1">1595324406686</td><td rowspan="1">2143</td></tr><tr class="failedodd"><td rowspan="2">myntratestpages.Categorytestpage</td><td><a href="#m3">productcount</a></td><td rowspan="1">1595323976592</td><td rowspan="1">21923</td></tr><tr class="failedodd"><td><a href="#m4">similarproducts</a></td><td rowspan="1">1595324026995</td><td rowspan="1">22902</td></tr><tr class="failedeven"><td rowspan="1">myntratestpages.Homepagetest</td><td><a href="#m5">referbuttonclick</a></td><td rowspan="1">1595323677882</td><td rowspan="1">20014</td></tr><tr class="failedodd"><td rowspan="1">myntratestpages.Producttestpage</td><td><a href="#m6">emiplan</a></td><td rowspan="1">1595323298665</td><td rowspan="1">50505</td></tr><tr><th colspan="4">Test &#8212; passed</th></tr><tr class="passedeven"><td rowspan="3">myntratestpages.Carttestpage</td><td><a href="#m7">shoppingbagtext</a></td><td rowspan="1">1595324449146</td><td rowspan="1">8521</td></tr><tr class="passedeven"><td><a href="#m8">title</a></td><td rowspan="1">1595324498810</td><td rowspan="1">14588</td></tr><tr class="passedeven"><td><a href="#m9">updatesize</a></td><td rowspan="1">1595324553381</td><td rowspan="1">9738</td></tr><tr class="passedodd"><td rowspan="7">myntratestpages.Categorytestpage</td><td><a href="#m10">breadcrumb</a></td><td rowspan="1">1595323800513</td><td rowspan="1">39</td></tr><tr class="passedodd"><td><a href="#m11">clearallbuttondisplay</a></td><td rowspan="1">1595323832186</td><td rowspan="1">862</td></tr><tr class="passedodd"><td><a href="#m12">discountselection</a></td><td rowspan="1">1595323861951</td><td rowspan="1">782</td></tr><tr class="passedodd"><td><a href="#m13">fadeselection</a></td><td rowspan="1">1595323900585</td><td rowspan="1">841</td></tr><tr class="passedodd"><td><a href="#m14">product</a></td><td rowspan="1">1595323931540</td><td rowspan="1">10494</td></tr><tr class="passedodd"><td><a href="#m15">sort</a></td><td rowspan="1">1595324082906</td><td rowspan="1">688</td></tr><tr class="passedodd"><td><a href="#m16">title</a></td><td rowspan="1">1595324111943</td><td rowspan="1">3</td></tr><tr class="passedeven"><td rowspan="10">myntratestpages.Homepagetest</td><td><a href="#m17">adv</a></td><td rowspan="1">1595323617037</td><td rowspan="1">32</td></tr><tr class="passedeven"><td><a href="#m18">clickbag</a></td><td rowspan="1">1595323623260</td><td rowspan="1">1368</td></tr><tr class="passedeven"><td><a href="#m19">clickwishlist</a></td><td rowspan="1">1595323631643</td><td rowspan="1">846</td></tr><tr class="passedeven"><td><a href="#m20">loginbuttonclick</a></td><td rowspan="1">1595323643371</td><td rowspan="1">9253</td></tr><tr class="passedeven"><td><a href="#m21">logo</a></td><td rowspan="1">1595323660355</td><td rowspan="1">40</td></tr><tr class="passedeven"><td><a href="#m22">mencategory</a></td><td rowspan="1">1595323669790</td><td rowspan="1">40</td></tr><tr class="passedeven"><td><a href="#m23">searchsuggestio</a></td><td rowspan="1">1595323706784</td><td rowspan="1">21879</td></tr><tr class="passedeven"><td><a href="#m24">selectcategory</a></td><td rowspan="1">1595323737926</td><td rowspan="1">9701</td></tr><tr class="passedeven"><td><a href="#m25">title</a></td><td rowspan="1">1595323757340</td><td rowspan="1">4</td></tr><tr class="passedeven"><td><a href="#m26">womencategory</a></td><td rowspan="1">1595323771355</td><td rowspan="1">45</td></tr><tr class="passedodd"><td rowspan="5">myntratestpages.Logintestpage</td><td><a href="#m27">login</a></td><td rowspan="1">1595324582116</td><td rowspan="1">20613</td></tr><tr class="passedodd"><td><a href="#m28">loginlabel</a></td><td rowspan="1">1595324615844</td><td rowspan="1">72</td></tr><tr class="passedodd"><td><a href="#m29">loginscreenimage</a></td><td rowspan="1">1595324639885</td><td rowspan="1">77</td></tr><tr class="passedodd"><td><a href="#m30">passwordreset</a></td><td rowspan="1">1595324654039</td><td rowspan="1">886</td></tr><tr class="passedodd"><td><a href="#m31">telcode</a></td><td rowspan="1">1595324669568</td><td rowspan="1">35</td></tr><tr class="passedeven"><td rowspan="11">myntratestpages.Producttestpage</td><td><a href="#m32">cartadded</a></td><td rowspan="1">1595323046349</td><td rowspan="1">1520</td></tr><tr class="passedeven"><td><a href="#m33">clickcart</a></td><td rowspan="1">1595323090589</td><td rowspan="1">40690</td></tr><tr class="passedeven"><td><a href="#m34">clickchangebutton</a></td><td rowspan="1">1595323171225</td><td rowspan="1">3650</td></tr><tr class="passedeven"><td><a href="#m35">displaybreadcrumb</a></td><td rowspan="1">1595323216983</td><td rowspan="1">30</td></tr><tr class="passedeven"><td><a href="#m36">displaytickicon</a></td><td rowspan="1">1595323258051</td><td rowspan="1">801</td></tr><tr class="passedeven"><td><a href="#m37">pincodevalidation</a></td><td rowspan="1">1595323400716</td><td rowspan="1">3283</td></tr><tr class="passedeven"><td><a href="#m38">pincodevalidationmessage</a></td><td rowspan="1">1595323444811</td><td rowspan="1">391</td></tr><tr class="passedeven"><td><a href="#m39">productname</a></td><td rowspan="1">1595323484769</td><td rowspan="1">17</td></tr><tr class="passedeven"><td><a href="#m40">size30</a></td><td rowspan="1">1595323526460</td><td rowspan="1">311</td></tr><tr class="passedeven"><td><a href="#m41">sizechartconatinerdisplay</a></td><td rowspan="1">1595323567069</td><td rowspan="1">306</td></tr><tr class="passedeven"><td><a href="#m42">title</a></td><td rowspan="1">1595323607387</td><td rowspan="1">3003</td></tr></tbody>
</table>
<h2>Test</h2><h3 id="m0">myntratestpages.Carttestpage#applyinvalidcoupon</h3><table class="result"><tr><th>Exception</th></tr><tr><td><div class="stacktrace">org.openqa.selenium.NoSuchElementException: Unable to locate element: //div[@class=&apos;couponsForm-base-applyButton &apos; and text()=&apos;APPLY&apos;]
For documentation on this error, please visit: https://selenium.dev/exceptions/#no_such_element
Build info: version: &apos;4.0.0-alpha-6&apos;, revision: &apos;5f43a29cfc&apos;
System info: host: &apos;PMCLAP1279&apos;, ip: &apos;192.168.56.1&apos;, os.name: &apos;Windows 10&apos;, os.arch: &apos;x86&apos;, os.version: &apos;10.0&apos;, java.version: &apos;1.8.0_251&apos;
Driver info: org.openqa.selenium.firefox.FirefoxDriver
Capabilities {acceptInsecureCerts: true, browserName: firefox, browserVersion: 68.10.0, javascriptEnabled: true, moz:accessibilityChecks: false, moz:buildID: 20200622191537, moz:geckodriverVersion: 0.24.0, moz:headless: false, moz:processID: 38132, moz:profile: C:\Users\GehlotK\AppData\Lo..., moz:shutdownTimeout: 60000, moz:useNonSpecCompliantPointerOrigin: false, moz:webdriverClick: true, pageLoadStrategy: normal, platform: WINDOWS, platformName: WINDOWS, platformVersion: 10.0, rotatable: false, setWindowRect: true, strictFileInteractability: false, timeouts: {implicit: 0, pageLoad: 300000, script: 30000}, unhandledPromptBehavior: dismiss and notify}
Session ID: a51ff372-b782-4973-831f-9198eb653cc4
*** Element info: {Using=xpath, value=//div[@class=&apos;couponsForm-base-applyButton &apos; and text()=&apos;APPLY&apos;]}
	at org.openqa.selenium.remote.codec.w3c.W3CHttpResponseCodec.createException(W3CHttpResponseCodec.java:196)
	at org.openqa.selenium.remote.codec.w3c.W3CHttpResponseCodec.decode(W3CHttpResponseCodec.java:129)
	at org.openqa.selenium.remote.codec.w3c.W3CHttpResponseCodec.decode(W3CHttpResponseCodec.java:53)
	at org.openqa.selenium.remote.HttpCommandExecutor.execute(HttpCommandExecutor.java:160)
	at org.openqa.selenium.remote.service.DriverCommandExecutor.execute(DriverCommandExecutor.java:83)
	at org.openqa.selenium.remote.RemoteWebDriver.execute(RemoteWebDriver.java:582)
	at org.openqa.selenium.remote.RemoteWebDriver.findElement(RemoteWebDriver.java:333)
	at org.openqa.selenium.remote.RemoteWebDriver.findElementByXPath(RemoteWebDriver.java:451)
	at org.openqa.selenium.By$ByXPath.findElement(By.java:394)
	at org.openqa.selenium.remote.RemoteWebDriver.findElement(RemoteWebDriver.java:325)
	at org.openqa.selenium.support.pagefactory.DefaultElementLocator.findElement(DefaultElementLocator.java:70)
	at org.openqa.selenium.support.pagefactory.internal.LocatingElementHandler.invoke(LocatingElementHandler.java:39)
	at com.sun.proxy.$Proxy11.click(Unknown Source)
	at myntrapages.Cartpage.applyinvalidcoupon(Cartpage.java:80)
	at myntratestpages.Carttestpage.applyinvalidcoupon(Carttestpage.java:88)
... Removed 32 stack frames</div></td></tr></table><p class="totop"><a href="#summary">back to summary</a></p>
<h3 id="m1">myntratestpages.Carttestpage#clickremovebutton</h3><table class="result"><tr><th>Exception</th></tr><tr><td><div class="stacktrace">org.openqa.selenium.remote.UnreachableBrowserException: Error communicating with the remote browser. It may have died.
Build info: version: &apos;4.0.0-alpha-6&apos;, revision: &apos;5f43a29cfc&apos;
System info: host: &apos;PMCLAP1279&apos;, ip: &apos;192.168.56.1&apos;, os.name: &apos;Windows 10&apos;, os.arch: &apos;x86&apos;, os.version: &apos;10.0&apos;, java.version: &apos;1.8.0_251&apos;
Driver info: driver.version: RemoteWebDriver
Capabilities {acceptInsecureCerts: true, browserName: firefox, browserVersion: 68.10.0, javascriptEnabled: true, moz:accessibilityChecks: false, moz:buildID: 20200622191537, moz:geckodriverVersion: 0.24.0, moz:headless: false, moz:processID: 25700, moz:profile: C:\Users\GehlotK\AppData\Lo..., moz:shutdownTimeout: 60000, moz:useNonSpecCompliantPointerOrigin: false, moz:webdriverClick: true, pageLoadStrategy: normal, platform: WINDOWS, platformName: WINDOWS, platformVersion: 10.0, rotatable: false, setWindowRect: true, strictFileInteractability: false, timeouts: {implicit: 0, pageLoad: 300000, script: 30000}, unhandledPromptBehavior: dismiss and notify}
Session ID: c7ed19a7-bbc1-4e29-822e-4003943b2bf5
	at org.openqa.selenium.remote.RemoteWebDriver.execute(RemoteWebDriver.java:603)
	at org.openqa.selenium.remote.RemoteWebElement.execute(RemoteWebElement.java:316)
	at org.openqa.selenium.remote.RemoteWebElement.click(RemoteWebElement.java:85)
	at org.openqa.selenium.support.pagefactory.internal.LocatingElementHandler.invoke(LocatingElementHandler.java:52)
	at com.sun.proxy.$Proxy11.click(Unknown Source)
	at myntrapages.Productpage.clickcart(Productpage.java:131)
	at myntratestpages.Carttestpage.clickremovebutton(Carttestpage.java:81)
Caused by: java.lang.RuntimeException: NettyHttpHandler request execution error
	at org.openqa.selenium.remote.http.netty.NettyHttpHandler.makeCall(NettyHttpHandler.java:72)
	at org.openqa.selenium.remote.http.AddSeleniumUserAgent.lambda$apply$0(AddSeleniumUserAgent.java:42)
	at org.openqa.selenium.remote.http.Filter.lambda$andFinally$1(Filter.java:56)
	at org.openqa.selenium.remote.http.netty.NettyHttpHandler.execute(NettyHttpHandler.java:47)
	at org.openqa.selenium.remote.http.AddSeleniumUserAgent.lambda$apply$0(AddSeleniumUserAgent.java:42)
	at org.openqa.selenium.remote.http.Filter.lambda$andFinally$1(Filter.java:56)
	at org.openqa.selenium.remote.http.netty.NettyClient.execute(NettyClient.java:55)
	at org.openqa.selenium.remote.HttpCommandExecutor.execute(HttpCommandExecutor.java:157)
	at org.openqa.selenium.remote.service.DriverCommandExecutor.execute(DriverCommandExecutor.java:83)
	at org.openqa.selenium.remote.RemoteWebDriver.execute(RemoteWebDriver.java:582)
	... 37 more
Caused by: java.util.concurrent.ExecutionException: java.util.concurrent.TimeoutException: Request timeout to localhost/127.0.0.1:29215 after 60000 ms
	at java.util.concurrent.CompletableFuture.reportGet(CompletableFuture.java:357)
	at java.util.concurrent.CompletableFuture.get(CompletableFuture.java:1908)
	at org.asynchttpclient.netty.NettyResponseFuture.get(NettyResponseFuture.java:201)
	at org.openqa.selenium.remote.http.netty.NettyHttpHandler.makeCall(NettyHttpHandler.java:57)
	... 46 more
Caused by: java.util.concurrent.TimeoutException: Request timeout to localhost/127.0.0.1:29215 after 60000 ms
	at org.asynchttpclient.netty.timeout.TimeoutTimerTask.expire(TimeoutTimerTask.java:43)
	at org.asynchttpclient.netty.timeout.RequestTimeoutTimerTask.run(RequestTimeoutTimerTask.java:50)
	at io.netty.util.HashedWheelTimer$HashedWheelTimeout.expire(HashedWheelTimer.java:672)
	at io.netty.util.HashedWheelTimer$HashedWheelBucket.expireTimeouts(HashedWheelTimer.java:747)
	at io.netty.util.HashedWheelTimer$Worker.run(HashedWheelTimer.java:472)
	at io.netty.util.concurrent.FastThreadLocalRunnable.run(FastThreadLocalRunnable.java:30)
	at java.lang.Thread.run(Thread.java:748)
... Removed 31 stack frames</div></td></tr></table><p class="totop"><a href="#summary">back to summary</a></p>
<h3 id="m2">myntratestpages.Carttestpage#placeorder</h3><table class="result"><tr><th>Exception</th></tr><tr><td><div class="stacktrace">org.openqa.selenium.ElementClickInterceptedException: Element &lt;a class=&quot;desktop-linkButton&quot; href=&quot;/login?referer=https://www.myntra.com/jeans/kook-n-keech/kook-n-keech-men-black-cargo-jogger-fit-mid-rise-clean-look-stretchable-jeans/10474908/buy&quot;&gt; is not clickable at point (1265,170) because another element &lt;div class=&quot;notify-container&quot;&gt; obscures it
Build info: version: &apos;4.0.0-alpha-6&apos;, revision: &apos;5f43a29cfc&apos;
System info: host: &apos;PMCLAP1279&apos;, ip: &apos;192.168.56.1&apos;, os.name: &apos;Windows 10&apos;, os.arch: &apos;x86&apos;, os.version: &apos;10.0&apos;, java.version: &apos;1.8.0_251&apos;
Driver info: org.openqa.selenium.firefox.FirefoxDriver
Capabilities {acceptInsecureCerts: true, browserName: firefox, browserVersion: 68.10.0, javascriptEnabled: true, moz:accessibilityChecks: false, moz:buildID: 20200622191537, moz:geckodriverVersion: 0.24.0, moz:headless: false, moz:processID: 30576, moz:profile: C:\Users\GehlotK\AppData\Lo..., moz:shutdownTimeout: 60000, moz:useNonSpecCompliantPointerOrigin: false, moz:webdriverClick: true, pageLoadStrategy: normal, platform: WINDOWS, platformName: WINDOWS, platformVersion: 10.0, rotatable: false, setWindowRect: true, strictFileInteractability: false, timeouts: {implicit: 0, pageLoad: 300000, script: 30000}, unhandledPromptBehavior: dismiss and notify}
Session ID: bc675a59-d92f-4305-84c1-eff7258b40f0
	at org.openqa.selenium.remote.codec.w3c.W3CHttpResponseCodec.createException(W3CHttpResponseCodec.java:196)
	at org.openqa.selenium.remote.codec.w3c.W3CHttpResponseCodec.decode(W3CHttpResponseCodec.java:129)
	at org.openqa.selenium.remote.codec.w3c.W3CHttpResponseCodec.decode(W3CHttpResponseCodec.java:53)
	at org.openqa.selenium.remote.HttpCommandExecutor.execute(HttpCommandExecutor.java:160)
	at org.openqa.selenium.remote.service.DriverCommandExecutor.execute(DriverCommandExecutor.java:83)
	at org.openqa.selenium.remote.RemoteWebDriver.execute(RemoteWebDriver.java:582)
	at org.openqa.selenium.remote.RemoteWebElement.execute(RemoteWebElement.java:316)
	at org.openqa.selenium.remote.RemoteWebElement.click(RemoteWebElement.java:85)
	at org.openqa.selenium.support.pagefactory.internal.LocatingElementHandler.invoke(LocatingElementHandler.java:52)
	at com.sun.proxy.$Proxy11.click(Unknown Source)
	at myntrapages.Homepage.login(Homepage.java:89)
	at myntratestpages.Carttestpage.placeorder(Carttestpage.java:96)
... Removed 35 stack frames</div></td></tr></table><p class="totop"><a href="#summary">back to summary</a></p>
<h3 id="m3">myntratestpages.Categorytestpage#productcount</h3><table class="result"><tr><th>Exception</th></tr><tr><td><div class="stacktrace">java.lang.AssertionError: expected [- 411 items] but found [- 412 items]
	at myntratestpages.Categorytestpage.productcount(Categorytestpage.java:43)
... Removed 34 stack frames</div></td></tr></table><p class="totop"><a href="#summary">back to summary</a></p>
<h3 id="m4">myntratestpages.Categorytestpage#similarproducts</h3><table class="result"><tr><th>Exception</th></tr><tr><td><div class="stacktrace">org.openqa.selenium.json.JsonException: java.lang.reflect.InvocationTargetException
Build info: version: &apos;4.0.0-alpha-6&apos;, revision: &apos;5f43a29cfc&apos;
System info: host: &apos;PMCLAP1279&apos;, ip: &apos;192.168.56.1&apos;, os.name: &apos;Windows 10&apos;, os.arch: &apos;x86&apos;, os.version: &apos;10.0&apos;, java.version: &apos;1.8.0_251&apos;
Driver info: driver.version: RemoteWebDriver
	at org.openqa.selenium.json.JsonOutput.convertUsingMethod(JsonOutput.java:345)
	at org.openqa.selenium.json.JsonOutput.lambda$new$15(JsonOutput.java:148)
	at org.openqa.selenium.json.JsonOutput.write(JsonOutput.java:276)
	at org.openqa.selenium.json.JsonOutput.lambda$new$21(JsonOutput.java:163)
	at java.util.stream.ForEachOps$ForEachOp$OfRef.accept(ForEachOps.java:184)
	at java.util.stream.ReferencePipeline$2$1.accept(ReferencePipeline.java:175)
	at java.util.Iterator.forEachRemaining(Iterator.java:116)
	at java.util.Spliterators$IteratorSpliterator.forEachRemaining(Spliterators.java:1801)
	at java.util.stream.AbstractPipeline.copyInto(AbstractPipeline.java:482)
	at java.util.stream.AbstractPipeline.wrapAndCopyInto(AbstractPipeline.java:472)
	at java.util.stream.ForEachOps$ForEachOp.evaluateSequential(ForEachOps.java:151)
	at java.util.stream.ForEachOps$ForEachOp$OfRef.evaluateSequential(ForEachOps.java:174)
	at java.util.stream.AbstractPipeline.evaluate(AbstractPipeline.java:234)
	at java.util.stream.ReferencePipeline.forEach(ReferencePipeline.java:418)
	at org.openqa.selenium.json.JsonOutput.lambda$new$22(JsonOutput.java:163)
	at org.openqa.selenium.json.JsonOutput.write(JsonOutput.java:276)
	at org.openqa.selenium.json.JsonOutput.lambda$new$23(JsonOutput.java:176)
	at com.google.common.collect.SingletonImmutableBiMap.forEach(SingletonImmutableBiMap.java:65)
	at org.openqa.selenium.json.JsonOutput.lambda$new$24(JsonOutput.java:171)
	at org.openqa.selenium.json.JsonOutput.write(JsonOutput.java:276)
	at org.openqa.selenium.json.JsonOutput.write(JsonOutput.java:267)
	at org.openqa.selenium.json.Json.toJson(Json.java:42)
	at org.openqa.selenium.remote.codec.AbstractHttpCommandCodec.encode(AbstractHttpCommandCodec.java:255)
	at org.openqa.selenium.remote.codec.AbstractHttpCommandCodec.encode(AbstractHttpCommandCodec.java:128)
	at org.openqa.selenium.remote.HttpCommandExecutor.execute(HttpCommandExecutor.java:154)
	at org.openqa.selenium.remote.service.DriverCommandExecutor.execute(DriverCommandExecutor.java:83)
	at org.openqa.selenium.remote.RemoteWebDriver.execute(RemoteWebDriver.java:582)
	at org.openqa.selenium.remote.RemoteWebDriver.perform(RemoteWebDriver.java:652)
	at org.openqa.selenium.interactions.Actions$BuiltAction.perform(Actions.java:613)
	at myntrapages.Categorypage.viewsimilar(Categorypage.java:175)
	at myntratestpages.Categorytestpage.similarproducts(Categorytestpage.java:89)
	Suppressed: org.openqa.selenium.json.JsonException: Attempting to close incomplete json stream
Build info: version: &apos;4.0.0-alpha-6&apos;, revision: &apos;5f43a29cfc&apos;
System info: host: &apos;PMCLAP1279&apos;, ip: &apos;192.168.56.1&apos;, os.name: &apos;Windows 10&apos;, os.arch: &apos;x86&apos;, os.version: &apos;10.0&apos;, java.version: &apos;1.8.0_251&apos;
Driver info: driver.version: RemoteWebDriver
		at org.openqa.selenium.json.JsonOutput.close(JsonOutput.java:292)
		at org.openqa.selenium.json.Json.toJson(Json.java:40)
		... 37 more
	at org.openqa.selenium.json.JsonOutput.convertUsingMethod(JsonOutput.java:341)
	... 58 more
Caused by: org.openqa.selenium.NoSuchElementException: Unable to locate element: //div[@class=&apos;image-grid-similarColorsCta product-similarItemCta&apos;]//parent::li//a//div/h3[text()=&apos;Rodamo&apos;]
For documentation on this error, please visit: https://selenium.dev/exceptions/#no_such_element
Build info: version: &apos;4.0.0-alpha-6&apos;, revision: &apos;5f43a29cfc&apos;
System info: host: &apos;PMCLAP1279&apos;, ip: &apos;192.168.56.1&apos;, os.name: &apos;Windows 10&apos;, os.arch: &apos;x86&apos;, os.version: &apos;10.0&apos;, java.version: &apos;1.8.0_251&apos;
Driver info: org.openqa.selenium.firefox.FirefoxDriver
Capabilities {acceptInsecureCerts: true, browserName: firefox, browserVersion: 68.10.0, javascriptEnabled: true, moz:accessibilityChecks: false, moz:buildID: 20200622191537, moz:geckodriverVersion: 0.24.0, moz:headless: false, moz:processID: 7760, moz:profile: C:\Users\GehlotK\AppData\Lo..., moz:shutdownTimeout: 60000, moz:useNonSpecCompliantPointerOrigin: false, moz:webdriverClick: true, pageLoadStrategy: normal, platform: WINDOWS, platformName: WINDOWS, platformVersion: 10.0, rotatable: false, setWindowRect: true, strictFileInteractability: false, timeouts: {implicit: 0, pageLoad: 300000, script: 30000}, unhandledPromptBehavior: dismiss and notify}
Session ID: c1425068-7be8-49e0-bbea-a0999e76c49c
*** Element info: {Using=xpath, value=//div[@class=&apos;image-grid-similarColorsCta product-similarItemCta&apos;]//parent::li//a//div/h3[text()=&apos;Rodamo&apos;]}
	at org.openqa.selenium.remote.codec.w3c.W3CHttpResponseCodec.createException(W3CHttpResponseCodec.java:196)
	at org.openqa.selenium.remote.codec.w3c.W3CHttpResponseCodec.decode(W3CHttpResponseCodec.java:129)
	at org.openqa.selenium.remote.codec.w3c.W3CHttpResponseCodec.decode(W3CHttpResponseCodec.java:53)
	at org.openqa.selenium.remote.HttpCommandExecutor.execute(HttpCommandExecutor.java:160)
	at org.openqa.selenium.remote.service.DriverCommandExecutor.execute(DriverCommandExecutor.java:83)
	at org.openqa.selenium.remote.RemoteWebDriver.execute(RemoteWebDriver.java:582)
	at org.openqa.selenium.remote.RemoteWebDriver.findElement(RemoteWebDriver.java:333)
	at org.openqa.selenium.remote.RemoteWebDriver.findElementByXPath(RemoteWebDriver.java:451)
	at org.openqa.selenium.By$ByXPath.findElement(By.java:394)
	at org.openqa.selenium.remote.RemoteWebDriver.findElement(RemoteWebDriver.java:325)
	at org.openqa.selenium.support.pagefactory.DefaultElementLocator.findElement(DefaultElementLocator.java:70)
	at org.openqa.selenium.support.pagefactory.internal.LocatingElementHandler.invoke(LocatingElementHandler.java:39)
	at com.sun.proxy.$Proxy11.getWrappedElement(Unknown Source)
	at org.openqa.selenium.interactions.PointerInput$Origin.asArg(PointerInput.java:201)
	at org.openqa.selenium.interactions.PointerInput$Move.encode(PointerInput.java:152)
	at org.openqa.selenium.interactions.Sequence.encode(Sequence.java:73)
	at org.openqa.selenium.interactions.Sequence.toJson(Sequence.java:82)
	... 63 more
... Removed 37 stack frames</div></td></tr></table><p class="totop"><a href="#summary">back to summary</a></p>
<h3 id="m5">myntratestpages.Homepagetest#referbuttonclick</h3><table class="result"><tr><th>Exception</th></tr><tr><td><div class="stacktrace">org.openqa.selenium.NoSuchElementException: Unable to locate element: //button[@class=&apos;referrals-banner-exchange-more-btn&apos;]
For documentation on this error, please visit: https://selenium.dev/exceptions/#no_such_element
Build info: version: &apos;4.0.0-alpha-6&apos;, revision: &apos;5f43a29cfc&apos;
System info: host: &apos;PMCLAP1279&apos;, ip: &apos;192.168.56.1&apos;, os.name: &apos;Windows 10&apos;, os.arch: &apos;x86&apos;, os.version: &apos;10.0&apos;, java.version: &apos;1.8.0_251&apos;
Driver info: org.openqa.selenium.firefox.FirefoxDriver
Capabilities {acceptInsecureCerts: true, browserName: firefox, browserVersion: 68.10.0, javascriptEnabled: true, moz:accessibilityChecks: false, moz:buildID: 20200622191537, moz:geckodriverVersion: 0.24.0, moz:headless: false, moz:processID: 18260, moz:profile: C:\Users\GehlotK\AppData\Lo..., moz:shutdownTimeout: 60000, moz:useNonSpecCompliantPointerOrigin: false, moz:webdriverClick: true, pageLoadStrategy: normal, platform: WINDOWS, platformName: WINDOWS, platformVersion: 10.0, rotatable: false, setWindowRect: true, strictFileInteractability: false, timeouts: {implicit: 0, pageLoad: 300000, script: 30000}, unhandledPromptBehavior: dismiss and notify}
Session ID: 3a34b334-b25e-4dc9-aed7-4b9c51c622d7
*** Element info: {Using=xpath, value=//button[@class=&apos;referrals-banner-exchange-more-btn&apos;]}
	at org.openqa.selenium.remote.codec.w3c.W3CHttpResponseCodec.createException(W3CHttpResponseCodec.java:196)
	at org.openqa.selenium.remote.codec.w3c.W3CHttpResponseCodec.decode(W3CHttpResponseCodec.java:129)
	at org.openqa.selenium.remote.codec.w3c.W3CHttpResponseCodec.decode(W3CHttpResponseCodec.java:53)
	at org.openqa.selenium.remote.HttpCommandExecutor.execute(HttpCommandExecutor.java:160)
	at org.openqa.selenium.remote.service.DriverCommandExecutor.execute(DriverCommandExecutor.java:83)
	at org.openqa.selenium.remote.RemoteWebDriver.execute(RemoteWebDriver.java:582)
	at org.openqa.selenium.remote.RemoteWebDriver.findElement(RemoteWebDriver.java:333)
	at org.openqa.selenium.remote.RemoteWebDriver.findElementByXPath(RemoteWebDriver.java:451)
	at org.openqa.selenium.By$ByXPath.findElement(By.java:394)
	at org.openqa.selenium.remote.RemoteWebDriver.findElement(RemoteWebDriver.java:325)
	at org.openqa.selenium.support.pagefactory.DefaultElementLocator.findElement(DefaultElementLocator.java:70)
	at org.openqa.selenium.support.pagefactory.internal.LocatingElementHandler.invoke(LocatingElementHandler.java:39)
	at com.sun.proxy.$Proxy11.click(Unknown Source)
	at myntrapages.Homepage.referbutton(Homepage.java:82)
	at myntratestpages.Homepagetest.referbuttonclick(Homepagetest.java:79)
... Removed 32 stack frames</div></td></tr></table><p class="totop"><a href="#summary">back to summary</a></p>
<h3 id="m6">myntratestpages.Producttestpage#emiplan</h3><table class="result"><tr><th>Exception</th></tr><tr><td><div class="stacktrace">org.openqa.selenium.TimeoutException: Supplied function might have stalled
Build info: version: &apos;4.0.0-alpha-6&apos;, revision: &apos;5f43a29cfc&apos;
System info: host: &apos;PMCLAP1279&apos;, ip: &apos;192.168.56.1&apos;, os.name: &apos;Windows 10&apos;, os.arch: &apos;x86&apos;, os.version: &apos;10.0&apos;, java.version: &apos;1.8.0_251&apos;
Driver info: driver.version: unknown
	at org.openqa.selenium.support.ui.FluentWait.until(FluentWait.java:221)
	at myntrapages.Productpage.emiplan(Productpage.java:117)
	at myntratestpages.Producttestpage.emiplan(Producttestpage.java:115)
Caused by: java.util.concurrent.TimeoutException
	at java.util.concurrent.CompletableFuture.timedGet(CompletableFuture.java:1784)
	at java.util.concurrent.CompletableFuture.get(CompletableFuture.java:1928)
	at org.openqa.selenium.support.ui.FluentWait.until(FluentWait.java:208)
	... 30 more
... Removed 28 stack frames</div></td></tr></table><p class="totop"><a href="#summary">back to summary</a></p>
<h3 id="m7">myntratestpages.Carttestpage#shoppingbagtext</h3><table class="result"><tr><th class="invisible"/></tr></table><p class="totop"><a href="#summary">back to summary</a></p>
<h3 id="m8">myntratestpages.Carttestpage#title</h3><table class="result"><tr><th class="invisible"/></tr></table><p class="totop"><a href="#summary">back to summary</a></p>
<h3 id="m9">myntratestpages.Carttestpage#updatesize</h3><table class="result"><tr><th class="invisible"/></tr></table><p class="totop"><a href="#summary">back to summary</a></p>
<h3 id="m10">myntratestpages.Categorytestpage#breadcrumb</h3><table class="result"><tr><th class="invisible"/></tr></table><p class="totop"><a href="#summary">back to summary</a></p>
<h3 id="m11">myntratestpages.Categorytestpage#clearallbuttondisplay</h3><table class="result"><tr><th class="invisible"/></tr></table><p class="totop"><a href="#summary">back to summary</a></p>
<h3 id="m12">myntratestpages.Categorytestpage#discountselection</h3><table class="result"><tr><th class="invisible"/></tr></table><p class="totop"><a href="#summary">back to summary</a></p>
<h3 id="m13">myntratestpages.Categorytestpage#fadeselection</h3><table class="result"><tr><th class="invisible"/></tr></table><p class="totop"><a href="#summary">back to summary</a></p>
<h3 id="m14">myntratestpages.Categorytestpage#product</h3><table class="result"><tr><th class="invisible"/></tr></table><p class="totop"><a href="#summary">back to summary</a></p>
<h3 id="m15">myntratestpages.Categorytestpage#sort</h3><table class="result"><tr><th class="invisible"/></tr></table><p class="totop"><a href="#summary">back to summary</a></p>
<h3 id="m16">myntratestpages.Categorytestpage#title</h3><table class="result"><tr><th class="invisible"/></tr></table><p class="totop"><a href="#summary">back to summary</a></p>
<h3 id="m17">myntratestpages.Homepagetest#adv</h3><table class="result"><tr><th class="invisible"/></tr></table><p class="totop"><a href="#summary">back to summary</a></p>
<h3 id="m18">myntratestpages.Homepagetest#clickbag</h3><table class="result"><tr><th class="invisible"/></tr></table><p class="totop"><a href="#summary">back to summary</a></p>
<h3 id="m19">myntratestpages.Homepagetest#clickwishlist</h3><table class="result"><tr><th class="invisible"/></tr></table><p class="totop"><a href="#summary">back to summary</a></p>
<h3 id="m20">myntratestpages.Homepagetest#loginbuttonclick</h3><table class="result"><tr><th class="invisible"/></tr></table><p class="totop"><a href="#summary">back to summary</a></p>
<h3 id="m21">myntratestpages.Homepagetest#logo</h3><table class="result"><tr><th class="invisible"/></tr></table><p class="totop"><a href="#summary">back to summary</a></p>
<h3 id="m22">myntratestpages.Homepagetest#mencategory</h3><table class="result"><tr><th class="invisible"/></tr></table><p class="totop"><a href="#summary">back to summary</a></p>
<h3 id="m23">myntratestpages.Homepagetest#searchsuggestio</h3><table class="result"><tr><th class="invisible"/></tr></table><p class="totop"><a href="#summary">back to summary</a></p>
<h3 id="m24">myntratestpages.Homepagetest#selectcategory</h3><table class="result"><tr><th class="invisible"/></tr></table><p class="totop"><a href="#summary">back to summary</a></p>
<h3 id="m25">myntratestpages.Homepagetest#title</h3><table class="result"><tr><th class="invisible"/></tr></table><p class="totop"><a href="#summary">back to summary</a></p>
<h3 id="m26">myntratestpages.Homepagetest#womencategory</h3><table class="result"><tr><th class="invisible"/></tr></table><p class="totop"><a href="#summary">back to summary</a></p>
<h3 id="m27">myntratestpages.Logintestpage#login</h3><table class="result"><tr><th class="invisible"/></tr></table><p class="totop"><a href="#summary">back to summary</a></p>
<h3 id="m28">myntratestpages.Logintestpage#loginlabel</h3><table class="result"><tr><th class="invisible"/></tr></table><p class="totop"><a href="#summary">back to summary</a></p>
<h3 id="m29">myntratestpages.Logintestpage#loginscreenimage</h3><table class="result"><tr><th class="invisible"/></tr></table><p class="totop"><a href="#summary">back to summary</a></p>
<h3 id="m30">myntratestpages.Logintestpage#passwordreset</h3><table class="result"><tr><th class="invisible"/></tr></table><p class="totop"><a href="#summary">back to summary</a></p>
<h3 id="m31">myntratestpages.Logintestpage#telcode</h3><table class="result"><tr><th class="invisible"/></tr></table><p class="totop"><a href="#summary">back to summary</a></p>
<h3 id="m32">myntratestpages.Producttestpage#cartadded</h3><table class="result"><tr><th class="invisible"/></tr></table><p class="totop"><a href="#summary">back to summary</a></p>
<h3 id="m33">myntratestpages.Producttestpage#clickcart</h3><table class="result"><tr><th class="invisible"/></tr></table><p class="totop"><a href="#summary">back to summary</a></p>
<h3 id="m34">myntratestpages.Producttestpage#clickchangebutton</h3><table class="result"><tr><th class="invisible"/></tr></table><p class="totop"><a href="#summary">back to summary</a></p>
<h3 id="m35">myntratestpages.Producttestpage#displaybreadcrumb</h3><table class="result"><tr><th class="invisible"/></tr></table><p class="totop"><a href="#summary">back to summary</a></p>
<h3 id="m36">myntratestpages.Producttestpage#displaytickicon</h3><table class="result"><tr><th class="invisible"/></tr></table><p class="totop"><a href="#summary">back to summary</a></p>
<h3 id="m37">myntratestpages.Producttestpage#pincodevalidation</h3><table class="result"><tr><th class="invisible"/></tr></table><p class="totop"><a href="#summary">back to summary</a></p>
<h3 id="m38">myntratestpages.Producttestpage#pincodevalidationmessage</h3><table class="result"><tr><th class="invisible"/></tr></table><p class="totop"><a href="#summary">back to summary</a></p>
<h3 id="m39">myntratestpages.Producttestpage#productname</h3><table class="result"><tr><th class="invisible"/></tr></table><p class="totop"><a href="#summary">back to summary</a></p>
<h3 id="m40">myntratestpages.Producttestpage#size30</h3><table class="result"><tr><th class="invisible"/></tr></table><p class="totop"><a href="#summary">back to summary</a></p>
<h3 id="m41">myntratestpages.Producttestpage#sizechartconatinerdisplay</h3><table class="result"><tr><th class="invisible"/></tr></table><p class="totop"><a href="#summary">back to summary</a></p>
<h3 id="m42">myntratestpages.Producttestpage#title</h3><table class="result"><tr><th class="invisible"/></tr></table><p class="totop"><a href="#summary">back to summary</a></p>
</body>
</html>
