<?xml version="1.0" encoding="UTF-8"?>
<testng-results skipped="0" failed="7" ignored="0" total="43" passed="36">
  <reporter-output>
  </reporter-output>
  <suite name="Suite" duration-ms="1668128" started-at="2020-07-21T09:16:42Z" finished-at="2020-07-21T09:44:30Z">
    <groups>
    </groups>
    <test name="Test" duration-ms="1668128" started-at="2020-07-21T09:16:42Z" finished-at="2020-07-21T09:44:30Z">
      <class name="myntratestpages.Producttestpage">
        <test-method status="PASS" signature="setup()[pri:0, instance:myntratestpages.Producttestpage@5d012c]" name="setup" is-config="true" duration-ms="43535" started-at="2020-07-21T09:16:42Z" finished-at="2020-07-21T09:17:26Z">
          <reporter-output>
          </reporter-output>
        </test-method> <!-- setup -->
        <test-method status="PASS" signature="cartadded()[pri:0, instance:myntratestpages.Producttestpage@5d012c]" name="cartadded" duration-ms="1520" started-at="2020-07-21T09:17:26Z" finished-at="2020-07-21T09:17:27Z">
          <reporter-output>
          </reporter-output>
        </test-method> <!-- cartadded -->
        <test-method status="PASS" signature="quit()[pri:0, instance:myntratestpages.Producttestpage@5d012c]" name="quit" is-config="true" duration-ms="1119" started-at="2020-07-21T09:17:27Z" finished-at="2020-07-21T09:17:28Z">
          <reporter-output>
          </reporter-output>
        </test-method> <!-- quit -->
        <test-method status="PASS" signature="setup()[pri:0, instance:myntratestpages.Producttestpage@5d012c]" name="setup" is-config="true" duration-ms="41601" started-at="2020-07-21T09:17:28Z" finished-at="2020-07-21T09:18:10Z">
          <reporter-output>
          </reporter-output>
        </test-method> <!-- setup -->
        <test-method status="PASS" signature="clickcart()[pri:0, instance:myntratestpages.Producttestpage@5d012c]" name="clickcart" duration-ms="40690" started-at="2020-07-21T09:18:10Z" finished-at="2020-07-21T09:18:51Z">
          <reporter-output>
          </reporter-output>
        </test-method> <!-- clickcart -->
        <test-method status="PASS" signature="quit()[pri:0, instance:myntratestpages.Producttestpage@5d012c]" name="quit" is-config="true" duration-ms="1087" started-at="2020-07-21T09:18:51Z" finished-at="2020-07-21T09:18:52Z">
          <reporter-output>
          </reporter-output>
        </test-method> <!-- quit -->
        <test-method status="PASS" signature="setup()[pri:0, instance:myntratestpages.Producttestpage@5d012c]" name="setup" is-config="true" duration-ms="38859" started-at="2020-07-21T09:18:52Z" finished-at="2020-07-21T09:19:31Z">
          <reporter-output>
          </reporter-output>
        </test-method> <!-- setup -->
        <test-method status="PASS" signature="clickchangebutton()[pri:0, instance:myntratestpages.Producttestpage@5d012c]" name="clickchangebutton" duration-ms="3650" started-at="2020-07-21T09:19:31Z" finished-at="2020-07-21T09:19:34Z">
          <reporter-output>
          </reporter-output>
        </test-method> <!-- clickchangebutton -->
        <test-method status="PASS" signature="quit()[pri:0, instance:myntratestpages.Producttestpage@5d012c]" name="quit" is-config="true" duration-ms="1460" started-at="2020-07-21T09:19:34Z" finished-at="2020-07-21T09:19:36Z">
          <reporter-output>
          </reporter-output>
        </test-method> <!-- quit -->
        <test-method status="PASS" signature="setup()[pri:0, instance:myntratestpages.Producttestpage@5d012c]" name="setup" is-config="true" duration-ms="40647" started-at="2020-07-21T09:19:36Z" finished-at="2020-07-21T09:20:16Z">
          <reporter-output>
          </reporter-output>
        </test-method> <!-- setup -->
        <test-method status="PASS" signature="displaybreadcrumb()[pri:0, instance:myntratestpages.Producttestpage@5d012c]" name="displaybreadcrumb" duration-ms="30" started-at="2020-07-21T09:20:16Z" finished-at="2020-07-21T09:20:17Z">
          <reporter-output>
          </reporter-output>
        </test-method> <!-- displaybreadcrumb -->
        <test-method status="PASS" signature="quit()[pri:0, instance:myntratestpages.Producttestpage@5d012c]" name="quit" is-config="true" duration-ms="1453" started-at="2020-07-21T09:20:17Z" finished-at="2020-07-21T09:20:18Z">
          <reporter-output>
          </reporter-output>
        </test-method> <!-- quit -->
        <test-method status="PASS" signature="setup()[pri:0, instance:myntratestpages.Producttestpage@5d012c]" name="setup" is-config="true" duration-ms="39584" started-at="2020-07-21T09:20:18Z" finished-at="2020-07-21T09:20:58Z">
          <reporter-output>
          </reporter-output>
        </test-method> <!-- setup -->
        <test-method status="PASS" signature="displaytickicon()[pri:0, instance:myntratestpages.Producttestpage@5d012c]" name="displaytickicon" duration-ms="801" started-at="2020-07-21T09:20:58Z" finished-at="2020-07-21T09:20:58Z">
          <reporter-output>
          </reporter-output>
        </test-method> <!-- displaytickicon -->
        <test-method status="PASS" signature="quit()[pri:0, instance:myntratestpages.Producttestpage@5d012c]" name="quit" is-config="true" duration-ms="1335" started-at="2020-07-21T09:20:58Z" finished-at="2020-07-21T09:21:00Z">
          <reporter-output>
          </reporter-output>
        </test-method> <!-- quit -->
        <test-method status="PASS" signature="setup()[pri:0, instance:myntratestpages.Producttestpage@5d012c]" name="setup" is-config="true" duration-ms="38478" started-at="2020-07-21T09:21:00Z" finished-at="2020-07-21T09:21:38Z">
          <reporter-output>
          </reporter-output>
        </test-method> <!-- setup -->
        <test-method status="FAIL" signature="emiplan()[pri:0, instance:myntratestpages.Producttestpage@5d012c]" name="emiplan" duration-ms="50505" started-at="2020-07-21T09:21:38Z" finished-at="2020-07-21T09:22:29Z">
          <exception class="org.openqa.selenium.TimeoutException">
            <message>
              <![CDATA[Supplied function might have stalled
Build info: version: '4.0.0-alpha-6', revision: '5f43a29cfc'
System info: host: 'PMCLAP1279', ip: '192.168.56.1', os.name: 'Windows 10', os.arch: 'x86', os.version: '10.0', java.version: '1.8.0_251'
Driver info: driver.version: unknown]]>
            </message>
            <full-stacktrace>
              <![CDATA[org.openqa.selenium.TimeoutException: Supplied function might have stalled
Build info: version: '4.0.0-alpha-6', revision: '5f43a29cfc'
System info: host: 'PMCLAP1279', ip: '192.168.56.1', os.name: 'Windows 10', os.arch: 'x86', os.version: '10.0', java.version: '1.8.0_251'
Driver info: driver.version: unknown
at org.openqa.selenium.support.ui.FluentWait.until(FluentWait.java:221)
at myntrapages.Productpage.emiplan(Productpage.java:117)
at myntratestpages.Producttestpage.emiplan(Producttestpage.java:115)
at sun.reflect.NativeMethodAccessorImpl.invoke0(Native Method)
at sun.reflect.NativeMethodAccessorImpl.invoke(NativeMethodAccessorImpl.java:62)
at sun.reflect.DelegatingMethodAccessorImpl.invoke(DelegatingMethodAccessorImpl.java:43)
at java.lang.reflect.Method.invoke(Method.java:498)
at org.testng.internal.MethodInvocationHelper.invokeMethod(MethodInvocationHelper.java:124)
at org.testng.internal.Invoker.invokeMethod(Invoker.java:583)
at org.testng.internal.Invoker.invokeTestMethod(Invoker.java:719)
at org.testng.internal.Invoker.invokeTestMethods(Invoker.java:989)
at org.testng.internal.TestMethodWorker.invokeTestMethods(TestMethodWorker.java:125)
at org.testng.internal.TestMethodWorker.run(TestMethodWorker.java:109)
at org.testng.TestRunner.privateRun(TestRunner.java:648)
at org.testng.TestRunner.run(TestRunner.java:505)
at org.testng.SuiteRunner.runTest(SuiteRunner.java:455)
at org.testng.SuiteRunner.runSequentially(SuiteRunner.java:450)
at org.testng.SuiteRunner.privateRun(SuiteRunner.java:415)
at org.testng.SuiteRunner.run(SuiteRunner.java:364)
at org.testng.SuiteRunnerWorker.runSuite(SuiteRunnerWorker.java:52)
at org.testng.SuiteRunnerWorker.run(SuiteRunnerWorker.java:84)
at org.testng.TestNG.runSuitesSequentially(TestNG.java:1208)
at org.testng.TestNG.runSuitesLocally(TestNG.java:1137)
at org.testng.TestNG.runSuites(TestNG.java:1049)
at org.testng.TestNG.run(TestNG.java:1017)
at org.apache.maven.surefire.testng.TestNGExecutor.run(TestNGExecutor.java:295)
at org.apache.maven.surefire.testng.TestNGXmlTestSuite.execute(TestNGXmlTestSuite.java:84)
at org.apache.maven.surefire.testng.TestNGProvider.invoke(TestNGProvider.java:90)
at org.apache.maven.surefire.booter.ForkedBooter.invokeProviderInSameClassLoader(ForkedBooter.java:203)
at org.apache.maven.surefire.booter.ForkedBooter.runSuitesInProcess(ForkedBooter.java:155)
at org.apache.maven.surefire.booter.ForkedBooter.main(ForkedBooter.java:103)
Caused by: java.util.concurrent.TimeoutException
at java.util.concurrent.CompletableFuture.timedGet(CompletableFuture.java:1784)
at java.util.concurrent.CompletableFuture.get(CompletableFuture.java:1928)
at org.openqa.selenium.support.ui.FluentWait.until(FluentWait.java:208)
... 30 more
]]>
            </full-stacktrace>
          </exception> <!-- org.openqa.selenium.TimeoutException -->
          <reporter-output>
          </reporter-output>
        </test-method> <!-- emiplan -->
        <test-method status="PASS" signature="quit()[pri:0, instance:myntratestpages.Producttestpage@5d012c]" name="quit" is-config="true" duration-ms="11621" started-at="2020-07-21T09:22:29Z" finished-at="2020-07-21T09:22:40Z">
          <reporter-output>
          </reporter-output>
        </test-method> <!-- quit -->
        <test-method status="PASS" signature="setup()[pri:0, instance:myntratestpages.Producttestpage@5d012c]" name="setup" is-config="true" duration-ms="39915" started-at="2020-07-21T09:22:40Z" finished-at="2020-07-21T09:23:20Z">
          <reporter-output>
          </reporter-output>
        </test-method> <!-- setup -->
        <test-method status="PASS" signature="pincodevalidation()[pri:0, instance:myntratestpages.Producttestpage@5d012c]" name="pincodevalidation" duration-ms="3283" started-at="2020-07-21T09:23:20Z" finished-at="2020-07-21T09:23:23Z">
          <reporter-output>
          </reporter-output>
        </test-method> <!-- pincodevalidation -->
        <test-method status="PASS" signature="quit()[pri:0, instance:myntratestpages.Producttestpage@5d012c]" name="quit" is-config="true" duration-ms="1563" started-at="2020-07-21T09:23:23Z" finished-at="2020-07-21T09:23:25Z">
          <reporter-output>
          </reporter-output>
        </test-method> <!-- quit -->
        <test-method status="PASS" signature="setup()[pri:0, instance:myntratestpages.Producttestpage@5d012c]" name="setup" is-config="true" duration-ms="39249" started-at="2020-07-21T09:23:25Z" finished-at="2020-07-21T09:24:04Z">
          <reporter-output>
          </reporter-output>
        </test-method> <!-- setup -->
        <test-method status="PASS" signature="pincodevalidationmessage()[pri:0, instance:myntratestpages.Producttestpage@5d012c]" name="pincodevalidationmessage" duration-ms="391" started-at="2020-07-21T09:24:04Z" finished-at="2020-07-21T09:24:05Z">
          <reporter-output>
          </reporter-output>
        </test-method> <!-- pincodevalidationmessage -->
        <test-method status="PASS" signature="quit()[pri:0, instance:myntratestpages.Producttestpage@5d012c]" name="quit" is-config="true" duration-ms="1631" started-at="2020-07-21T09:24:05Z" finished-at="2020-07-21T09:24:06Z">
          <reporter-output>
          </reporter-output>
        </test-method> <!-- quit -->
        <test-method status="PASS" signature="setup()[pri:0, instance:myntratestpages.Producttestpage@5d012c]" name="setup" is-config="true" duration-ms="37936" started-at="2020-07-21T09:24:06Z" finished-at="2020-07-21T09:24:44Z">
          <reporter-output>
          </reporter-output>
        </test-method> <!-- setup -->
        <test-method status="PASS" signature="productname()[pri:0, instance:myntratestpages.Producttestpage@5d012c]" name="productname" duration-ms="17" started-at="2020-07-21T09:24:44Z" finished-at="2020-07-21T09:24:44Z">
          <reporter-output>
          </reporter-output>
        </test-method> <!-- productname -->
        <test-method status="PASS" signature="quit()[pri:0, instance:myntratestpages.Producttestpage@5d012c]" name="quit" is-config="true" duration-ms="1395" started-at="2020-07-21T09:24:44Z" finished-at="2020-07-21T09:24:46Z">
          <reporter-output>
          </reporter-output>
        </test-method> <!-- quit -->
        <test-method status="PASS" signature="setup()[pri:0, instance:myntratestpages.Producttestpage@5d012c]" name="setup" is-config="true" duration-ms="40279" started-at="2020-07-21T09:24:46Z" finished-at="2020-07-21T09:25:26Z">
          <reporter-output>
          </reporter-output>
        </test-method> <!-- setup -->
        <test-method status="PASS" signature="size30()[pri:0, instance:myntratestpages.Producttestpage@5d012c]" name="size30" duration-ms="311" started-at="2020-07-21T09:25:26Z" finished-at="2020-07-21T09:25:26Z">
          <reporter-output>
          </reporter-output>
        </test-method> <!-- size30 -->
        <test-method status="PASS" signature="quit()[pri:0, instance:myntratestpages.Producttestpage@5d012c]" name="quit" is-config="true" duration-ms="1393" started-at="2020-07-21T09:25:26Z" finished-at="2020-07-21T09:25:28Z">
          <reporter-output>
          </reporter-output>
        </test-method> <!-- quit -->
        <test-method status="PASS" signature="setup()[pri:0, instance:myntratestpages.Producttestpage@5d012c]" name="setup" is-config="true" duration-ms="38905" started-at="2020-07-21T09:25:28Z" finished-at="2020-07-21T09:26:07Z">
          <reporter-output>
          </reporter-output>
        </test-method> <!-- setup -->
        <test-method status="PASS" signature="sizechartconatinerdisplay()[pri:0, instance:myntratestpages.Producttestpage@5d012c]" name="sizechartconatinerdisplay" duration-ms="306" started-at="2020-07-21T09:26:07Z" finished-at="2020-07-21T09:26:07Z">
          <reporter-output>
          </reporter-output>
        </test-method> <!-- sizechartconatinerdisplay -->
        <test-method status="PASS" signature="quit()[pri:0, instance:myntratestpages.Producttestpage@5d012c]" name="quit" is-config="true" duration-ms="1335" started-at="2020-07-21T09:26:07Z" finished-at="2020-07-21T09:26:08Z">
          <reporter-output>
          </reporter-output>
        </test-method> <!-- quit -->
        <test-method status="PASS" signature="setup()[pri:0, instance:myntratestpages.Producttestpage@5d012c]" name="setup" is-config="true" duration-ms="38677" started-at="2020-07-21T09:26:08Z" finished-at="2020-07-21T09:26:47Z">
          <reporter-output>
          </reporter-output>
        </test-method> <!-- setup -->
        <test-method status="PASS" signature="title()[pri:0, instance:myntratestpages.Producttestpage@5d012c]" name="title" duration-ms="3003" started-at="2020-07-21T09:26:47Z" finished-at="2020-07-21T09:26:50Z">
          <reporter-output>
          </reporter-output>
        </test-method> <!-- title -->
        <test-method status="PASS" signature="quit()[pri:0, instance:myntratestpages.Producttestpage@5d012c]" name="quit" is-config="true" duration-ms="1564" started-at="2020-07-21T09:26:50Z" finished-at="2020-07-21T09:26:51Z">
          <reporter-output>
          </reporter-output>
        </test-method> <!-- quit -->
      </class> <!-- myntratestpages.Producttestpage -->
      <class name="myntratestpages.Carttestpage">
        <test-method status="PASS" signature="setup()[pri:0, instance:myntratestpages.Carttestpage@12fad11]" name="setup" is-config="true" duration-ms="45057" started-at="2020-07-21T09:35:13Z" finished-at="2020-07-21T09:35:58Z">
          <reporter-output>
          </reporter-output>
        </test-method> <!-- setup -->
        <test-method status="FAIL" signature="applyinvalidcoupon()[pri:0, instance:myntratestpages.Carttestpage@12fad11]" name="applyinvalidcoupon" duration-ms="71645" started-at="2020-07-21T09:35:58Z" finished-at="2020-07-21T09:37:09Z">
          <exception class="org.openqa.selenium.NoSuchElementException">
            <message>
              <![CDATA[Unable to locate element: //div[@class='couponsForm-base-applyButton ' and text()='APPLY']
For documentation on this error, please visit: https://selenium.dev/exceptions/#no_such_element
Build info: version: '4.0.0-alpha-6', revision: '5f43a29cfc'
System info: host: 'PMCLAP1279', ip: '192.168.56.1', os.name: 'Windows 10', os.arch: 'x86', os.version: '10.0', java.version: '1.8.0_251'
Driver info: org.openqa.selenium.firefox.FirefoxDriver
Capabilities {acceptInsecureCerts: true, browserName: firefox, browserVersion: 68.10.0, javascriptEnabled: true, moz:accessibilityChecks: false, moz:buildID: 20200622191537, moz:geckodriverVersion: 0.24.0, moz:headless: false, moz:processID: 38132, moz:profile: C:\Users\GehlotK\AppData\Lo..., moz:shutdownTimeout: 60000, moz:useNonSpecCompliantPointerOrigin: false, moz:webdriverClick: true, pageLoadStrategy: normal, platform: WINDOWS, platformName: WINDOWS, platformVersion: 10.0, rotatable: false, setWindowRect: true, strictFileInteractability: false, timeouts: {implicit: 0, pageLoad: 300000, script: 30000}, unhandledPromptBehavior: dismiss and notify}
Session ID: a51ff372-b782-4973-831f-9198eb653cc4
*** Element info: {Using=xpath, value=//div[@class='couponsForm-base-applyButton ' and text()='APPLY']}]]>
            </message>
            <full-stacktrace>
              <![CDATA[org.openqa.selenium.NoSuchElementException: Unable to locate element: //div[@class='couponsForm-base-applyButton ' and text()='APPLY']
For documentation on this error, please visit: https://selenium.dev/exceptions/#no_such_element
Build info: version: '4.0.0-alpha-6', revision: '5f43a29cfc'
System info: host: 'PMCLAP1279', ip: '192.168.56.1', os.name: 'Windows 10', os.arch: 'x86', os.version: '10.0', java.version: '1.8.0_251'
Driver info: org.openqa.selenium.firefox.FirefoxDriver
Capabilities {acceptInsecureCerts: true, browserName: firefox, browserVersion: 68.10.0, javascriptEnabled: true, moz:accessibilityChecks: false, moz:buildID: 20200622191537, moz:geckodriverVersion: 0.24.0, moz:headless: false, moz:processID: 38132, moz:profile: C:\Users\GehlotK\AppData\Lo..., moz:shutdownTimeout: 60000, moz:useNonSpecCompliantPointerOrigin: false, moz:webdriverClick: true, pageLoadStrategy: normal, platform: WINDOWS, platformName: WINDOWS, platformVersion: 10.0, rotatable: false, setWindowRect: true, strictFileInteractability: false, timeouts: {implicit: 0, pageLoad: 300000, script: 30000}, unhandledPromptBehavior: dismiss and notify}
Session ID: a51ff372-b782-4973-831f-9198eb653cc4
*** Element info: {Using=xpath, value=//div[@class='couponsForm-base-applyButton ' and text()='APPLY']}
at sun.reflect.NativeConstructorAccessorImpl.newInstance0(Native Method)
at sun.reflect.NativeConstructorAccessorImpl.newInstance(NativeConstructorAccessorImpl.java:62)
at sun.reflect.DelegatingConstructorAccessorImpl.newInstance(DelegatingConstructorAccessorImpl.java:45)
at java.lang.reflect.Constructor.newInstance(Constructor.java:423)
at org.openqa.selenium.remote.codec.w3c.W3CHttpResponseCodec.createException(W3CHttpResponseCodec.java:196)
at org.openqa.selenium.remote.codec.w3c.W3CHttpResponseCodec.decode(W3CHttpResponseCodec.java:129)
at org.openqa.selenium.remote.codec.w3c.W3CHttpResponseCodec.decode(W3CHttpResponseCodec.java:53)
at org.openqa.selenium.remote.HttpCommandExecutor.execute(HttpCommandExecutor.java:160)
at org.openqa.selenium.remote.service.DriverCommandExecutor.execute(DriverCommandExecutor.java:83)
at org.openqa.selenium.remote.RemoteWebDriver.execute(RemoteWebDriver.java:582)
at org.openqa.selenium.remote.RemoteWebDriver.findElement(RemoteWebDriver.java:333)
at org.openqa.selenium.remote.RemoteWebDriver.findElementByXPath(RemoteWebDriver.java:451)
at org.openqa.selenium.By$ByXPath.findElement(By.java:394)
at org.openqa.selenium.remote.RemoteWebDriver.findElement(RemoteWebDriver.java:325)
at org.openqa.selenium.support.pagefactory.DefaultElementLocator.findElement(DefaultElementLocator.java:70)
at org.openqa.selenium.support.pagefactory.internal.LocatingElementHandler.invoke(LocatingElementHandler.java:39)
at com.sun.proxy.$Proxy11.click(Unknown Source)
at myntrapages.Cartpage.applyinvalidcoupon(Cartpage.java:80)
at myntratestpages.Carttestpage.applyinvalidcoupon(Carttestpage.java:88)
at sun.reflect.NativeMethodAccessorImpl.invoke0(Native Method)
at sun.reflect.NativeMethodAccessorImpl.invoke(NativeMethodAccessorImpl.java:62)
at sun.reflect.DelegatingMethodAccessorImpl.invoke(DelegatingMethodAccessorImpl.java:43)
at java.lang.reflect.Method.invoke(Method.java:498)
at org.testng.internal.MethodInvocationHelper.invokeMethod(MethodInvocationHelper.java:124)
at org.testng.internal.Invoker.invokeMethod(Invoker.java:583)
at org.testng.internal.Invoker.invokeTestMethod(Invoker.java:719)
at org.testng.internal.Invoker.invokeTestMethods(Invoker.java:989)
at org.testng.internal.TestMethodWorker.invokeTestMethods(TestMethodWorker.java:125)
at org.testng.internal.TestMethodWorker.run(TestMethodWorker.java:109)
at org.testng.TestRunner.privateRun(TestRunner.java:648)
at org.testng.TestRunner.run(TestRunner.java:505)
at org.testng.SuiteRunner.runTest(SuiteRunner.java:455)
at org.testng.SuiteRunner.runSequentially(SuiteRunner.java:450)
at org.testng.SuiteRunner.privateRun(SuiteRunner.java:415)
at org.testng.SuiteRunner.run(SuiteRunner.java:364)
at org.testng.SuiteRunnerWorker.runSuite(SuiteRunnerWorker.java:52)
at org.testng.SuiteRunnerWorker.run(SuiteRunnerWorker.java:84)
at org.testng.TestNG.runSuitesSequentially(TestNG.java:1208)
at org.testng.TestNG.runSuitesLocally(TestNG.java:1137)
at org.testng.TestNG.runSuites(TestNG.java:1049)
at org.testng.TestNG.run(TestNG.java:1017)
at org.apache.maven.surefire.testng.TestNGExecutor.run(TestNGExecutor.java:295)
at org.apache.maven.surefire.testng.TestNGXmlTestSuite.execute(TestNGXmlTestSuite.java:84)
at org.apache.maven.surefire.testng.TestNGProvider.invoke(TestNGProvider.java:90)
at org.apache.maven.surefire.booter.ForkedBooter.invokeProviderInSameClassLoader(ForkedBooter.java:203)
at org.apache.maven.surefire.booter.ForkedBooter.runSuitesInProcess(ForkedBooter.java:155)
at org.apache.maven.surefire.booter.ForkedBooter.main(ForkedBooter.java:103)
]]>
            </full-stacktrace>
          </exception> <!-- org.openqa.selenium.NoSuchElementException -->
          <reporter-output>
          </reporter-output>
        </test-method> <!-- applyinvalidcoupon -->
        <test-method status="PASS" signature="quit()[pri:0, instance:myntratestpages.Carttestpage@12fad11]" name="quit" is-config="true" duration-ms="993" started-at="2020-07-21T09:37:09Z" finished-at="2020-07-21T09:37:10Z">
          <reporter-output>
          </reporter-output>
        </test-method> <!-- quit -->
        <test-method status="PASS" signature="setup()[pri:0, instance:myntratestpages.Carttestpage@12fad11]" name="setup" is-config="true" duration-ms="37929" started-at="2020-07-21T09:37:10Z" finished-at="2020-07-21T09:37:48Z">
          <reporter-output>
          </reporter-output>
        </test-method> <!-- setup -->
        <test-method status="FAIL" signature="clickremovebutton()[pri:0, instance:myntratestpages.Carttestpage@12fad11]" name="clickremovebutton" duration-ms="60040" started-at="2020-07-21T09:37:48Z" finished-at="2020-07-21T09:38:48Z">
          <exception class="org.openqa.selenium.remote.UnreachableBrowserException">
            <message>
              <![CDATA[Error communicating with the remote browser. It may have died.
Build info: version: '4.0.0-alpha-6', revision: '5f43a29cfc'
System info: host: 'PMCLAP1279', ip: '192.168.56.1', os.name: 'Windows 10', os.arch: 'x86', os.version: '10.0', java.version: '1.8.0_251'
Driver info: driver.version: RemoteWebDriver
Capabilities {acceptInsecureCerts: true, browserName: firefox, browserVersion: 68.10.0, javascriptEnabled: true, moz:accessibilityChecks: false, moz:buildID: 20200622191537, moz:geckodriverVersion: 0.24.0, moz:headless: false, moz:processID: 25700, moz:profile: C:\Users\GehlotK\AppData\Lo..., moz:shutdownTimeout: 60000, moz:useNonSpecCompliantPointerOrigin: false, moz:webdriverClick: true, pageLoadStrategy: normal, platform: WINDOWS, platformName: WINDOWS, platformVersion: 10.0, rotatable: false, setWindowRect: true, strictFileInteractability: false, timeouts: {implicit: 0, pageLoad: 300000, script: 30000}, unhandledPromptBehavior: dismiss and notify}
Session ID: c7ed19a7-bbc1-4e29-822e-4003943b2bf5]]>
            </message>
            <full-stacktrace>
              <![CDATA[org.openqa.selenium.remote.UnreachableBrowserException: Error communicating with the remote browser. It may have died.
Build info: version: '4.0.0-alpha-6', revision: '5f43a29cfc'
System info: host: 'PMCLAP1279', ip: '192.168.56.1', os.name: 'Windows 10', os.arch: 'x86', os.version: '10.0', java.version: '1.8.0_251'
Driver info: driver.version: RemoteWebDriver
Capabilities {acceptInsecureCerts: true, browserName: firefox, browserVersion: 68.10.0, javascriptEnabled: true, moz:accessibilityChecks: false, moz:buildID: 20200622191537, moz:geckodriverVersion: 0.24.0, moz:headless: false, moz:processID: 25700, moz:profile: C:\Users\GehlotK\AppData\Lo..., moz:shutdownTimeout: 60000, moz:useNonSpecCompliantPointerOrigin: false, moz:webdriverClick: true, pageLoadStrategy: normal, platform: WINDOWS, platformName: WINDOWS, platformVersion: 10.0, rotatable: false, setWindowRect: true, strictFileInteractability: false, timeouts: {implicit: 0, pageLoad: 300000, script: 30000}, unhandledPromptBehavior: dismiss and notify}
Session ID: c7ed19a7-bbc1-4e29-822e-4003943b2bf5
at org.openqa.selenium.remote.RemoteWebDriver.execute(RemoteWebDriver.java:603)
at org.openqa.selenium.remote.RemoteWebElement.execute(RemoteWebElement.java:316)
at org.openqa.selenium.remote.RemoteWebElement.click(RemoteWebElement.java:85)
at sun.reflect.GeneratedMethodAccessor1.invoke(Unknown Source)
at sun.reflect.DelegatingMethodAccessorImpl.invoke(DelegatingMethodAccessorImpl.java:43)
at java.lang.reflect.Method.invoke(Method.java:498)
at org.openqa.selenium.support.pagefactory.internal.LocatingElementHandler.invoke(LocatingElementHandler.java:52)
at com.sun.proxy.$Proxy11.click(Unknown Source)
at myntrapages.Productpage.clickcart(Productpage.java:131)
at myntratestpages.Carttestpage.clickremovebutton(Carttestpage.java:81)
at sun.reflect.NativeMethodAccessorImpl.invoke0(Native Method)
at sun.reflect.NativeMethodAccessorImpl.invoke(NativeMethodAccessorImpl.java:62)
at sun.reflect.DelegatingMethodAccessorImpl.invoke(DelegatingMethodAccessorImpl.java:43)
at java.lang.reflect.Method.invoke(Method.java:498)
at org.testng.internal.MethodInvocationHelper.invokeMethod(MethodInvocationHelper.java:124)
at org.testng.internal.Invoker.invokeMethod(Invoker.java:583)
at org.testng.internal.Invoker.invokeTestMethod(Invoker.java:719)
at org.testng.internal.Invoker.invokeTestMethods(Invoker.java:989)
at org.testng.internal.TestMethodWorker.invokeTestMethods(TestMethodWorker.java:125)
at org.testng.internal.TestMethodWorker.run(TestMethodWorker.java:109)
at org.testng.TestRunner.privateRun(TestRunner.java:648)
at org.testng.TestRunner.run(TestRunner.java:505)
at org.testng.SuiteRunner.runTest(SuiteRunner.java:455)
at org.testng.SuiteRunner.runSequentially(SuiteRunner.java:450)
at org.testng.SuiteRunner.privateRun(SuiteRunner.java:415)
at org.testng.SuiteRunner.run(SuiteRunner.java:364)
at org.testng.SuiteRunnerWorker.runSuite(SuiteRunnerWorker.java:52)
at org.testng.SuiteRunnerWorker.run(SuiteRunnerWorker.java:84)
at org.testng.TestNG.runSuitesSequentially(TestNG.java:1208)
at org.testng.TestNG.runSuitesLocally(TestNG.java:1137)
at org.testng.TestNG.runSuites(TestNG.java:1049)
at org.testng.TestNG.run(TestNG.java:1017)
at org.apache.maven.surefire.testng.TestNGExecutor.run(TestNGExecutor.java:295)
at org.apache.maven.surefire.testng.TestNGXmlTestSuite.execute(TestNGXmlTestSuite.java:84)
at org.apache.maven.surefire.testng.TestNGProvider.invoke(TestNGProvider.java:90)
at org.apache.maven.surefire.booter.ForkedBooter.invokeProviderInSameClassLoader(ForkedBooter.java:203)
at org.apache.maven.surefire.booter.ForkedBooter.runSuitesInProcess(ForkedBooter.java:155)
at org.apache.maven.surefire.booter.ForkedBooter.main(ForkedBooter.java:103)
Caused by: java.lang.RuntimeException: NettyHttpHandler request execution error
at org.openqa.selenium.remote.http.netty.NettyHttpHandler.makeCall(NettyHttpHandler.java:72)
at org.openqa.selenium.remote.http.AddSeleniumUserAgent.lambda$apply$0(AddSeleniumUserAgent.java:42)
at org.openqa.selenium.remote.http.Filter.lambda$andFinally$1(Filter.java:56)
at org.openqa.selenium.remote.http.netty.NettyHttpHandler.execute(NettyHttpHandler.java:47)
at org.openqa.selenium.remote.http.AddSeleniumUserAgent.lambda$apply$0(AddSeleniumUserAgent.java:42)
at org.openqa.selenium.remote.http.Filter.lambda$andFinally$1(Filter.java:56)
at org.openqa.selenium.remote.http.netty.NettyClient.execute(NettyClient.java:55)
at org.openqa.selenium.remote.HttpCommandExecutor.execute(HttpCommandExecutor.java:157)
at org.openqa.selenium.remote.service.DriverCommandExecutor.execute(DriverCommandExecutor.java:83)
at org.openqa.selenium.remote.RemoteWebDriver.execute(RemoteWebDriver.java:582)
... 37 more
Caused by: java.util.concurrent.ExecutionException: java.util.concurrent.TimeoutException: Request timeout to localhost/127.0.0.1:29215 after 60000 ms
at java.util.concurrent.CompletableFuture.reportGet(CompletableFuture.java:357)
at java.util.concurrent.CompletableFuture.get(CompletableFuture.java:1908)
at org.asynchttpclient.netty.NettyResponseFuture.get(NettyResponseFuture.java:201)
at org.openqa.selenium.remote.http.netty.NettyHttpHandler.makeCall(NettyHttpHandler.java:57)
... 46 more
Caused by: java.util.concurrent.TimeoutException: Request timeout to localhost/127.0.0.1:29215 after 60000 ms
at org.asynchttpclient.netty.timeout.TimeoutTimerTask.expire(TimeoutTimerTask.java:43)
at org.asynchttpclient.netty.timeout.RequestTimeoutTimerTask.run(RequestTimeoutTimerTask.java:50)
at io.netty.util.HashedWheelTimer$HashedWheelTimeout.expire(HashedWheelTimer.java:672)
at io.netty.util.HashedWheelTimer$HashedWheelBucket.expireTimeouts(HashedWheelTimer.java:747)
at io.netty.util.HashedWheelTimer$Worker.run(HashedWheelTimer.java:472)
at io.netty.util.concurrent.FastThreadLocalRunnable.run(FastThreadLocalRunnable.java:30)
at java.lang.Thread.run(Thread.java:748)
]]>
            </full-stacktrace>
          </exception> <!-- org.openqa.selenium.remote.UnreachableBrowserException -->
          <reporter-output>
          </reporter-output>
        </test-method> <!-- clickremovebutton -->
        <test-method status="PASS" signature="quit()[pri:0, instance:myntratestpages.Carttestpage@12fad11]" name="quit" is-config="true" duration-ms="30063" started-at="2020-07-21T09:38:48Z" finished-at="2020-07-21T09:39:18Z">
          <reporter-output>
          </reporter-output>
        </test-method> <!-- quit -->
        <test-method status="PASS" signature="setup()[pri:0, instance:myntratestpages.Carttestpage@12fad11]" name="setup" is-config="true" duration-ms="47723" started-at="2020-07-21T09:39:18Z" finished-at="2020-07-21T09:40:06Z">
          <reporter-output>
          </reporter-output>
        </test-method> <!-- setup -->
        <test-method status="FAIL" signature="placeorder()[pri:0, instance:myntratestpages.Carttestpage@12fad11]" name="placeorder" duration-ms="2143" started-at="2020-07-21T09:40:06Z" finished-at="2020-07-21T09:40:08Z">
          <exception class="org.openqa.selenium.ElementClickInterceptedException">
            <message>
              <![CDATA[Element <a class="desktop-linkButton" href="/login?referer=https://www.myntra.com/jeans/kook-n-keech/kook-n-keech-men-black-cargo-jogger-fit-mid-rise-clean-look-stretchable-jeans/10474908/buy"> is not clickable at point (1265,170) because another element <div class="notify-container"> obscures it
Build info: version: '4.0.0-alpha-6', revision: '5f43a29cfc'
System info: host: 'PMCLAP1279', ip: '192.168.56.1', os.name: 'Windows 10', os.arch: 'x86', os.version: '10.0', java.version: '1.8.0_251'
Driver info: org.openqa.selenium.firefox.FirefoxDriver
Capabilities {acceptInsecureCerts: true, browserName: firefox, browserVersion: 68.10.0, javascriptEnabled: true, moz:accessibilityChecks: false, moz:buildID: 20200622191537, moz:geckodriverVersion: 0.24.0, moz:headless: false, moz:processID: 30576, moz:profile: C:\Users\GehlotK\AppData\Lo..., moz:shutdownTimeout: 60000, moz:useNonSpecCompliantPointerOrigin: false, moz:webdriverClick: true, pageLoadStrategy: normal, platform: WINDOWS, platformName: WINDOWS, platformVersion: 10.0, rotatable: false, setWindowRect: true, strictFileInteractability: false, timeouts: {implicit: 0, pageLoad: 300000, script: 30000}, unhandledPromptBehavior: dismiss and notify}
Session ID: bc675a59-d92f-4305-84c1-eff7258b40f0]]>
            </message>
            <full-stacktrace>
              <![CDATA[org.openqa.selenium.ElementClickInterceptedException: Element <a class="desktop-linkButton" href="/login?referer=https://www.myntra.com/jeans/kook-n-keech/kook-n-keech-men-black-cargo-jogger-fit-mid-rise-clean-look-stretchable-jeans/10474908/buy"> is not clickable at point (1265,170) because another element <div class="notify-container"> obscures it
Build info: version: '4.0.0-alpha-6', revision: '5f43a29cfc'
System info: host: 'PMCLAP1279', ip: '192.168.56.1', os.name: 'Windows 10', os.arch: 'x86', os.version: '10.0', java.version: '1.8.0_251'
Driver info: org.openqa.selenium.firefox.FirefoxDriver
Capabilities {acceptInsecureCerts: true, browserName: firefox, browserVersion: 68.10.0, javascriptEnabled: true, moz:accessibilityChecks: false, moz:buildID: 20200622191537, moz:geckodriverVersion: 0.24.0, moz:headless: false, moz:processID: 30576, moz:profile: C:\Users\GehlotK\AppData\Lo..., moz:shutdownTimeout: 60000, moz:useNonSpecCompliantPointerOrigin: false, moz:webdriverClick: true, pageLoadStrategy: normal, platform: WINDOWS, platformName: WINDOWS, platformVersion: 10.0, rotatable: false, setWindowRect: true, strictFileInteractability: false, timeouts: {implicit: 0, pageLoad: 300000, script: 30000}, unhandledPromptBehavior: dismiss and notify}
Session ID: bc675a59-d92f-4305-84c1-eff7258b40f0
at sun.reflect.NativeConstructorAccessorImpl.newInstance0(Native Method)
at sun.reflect.NativeConstructorAccessorImpl.newInstance(NativeConstructorAccessorImpl.java:62)
at sun.reflect.DelegatingConstructorAccessorImpl.newInstance(DelegatingConstructorAccessorImpl.java:45)
at java.lang.reflect.Constructor.newInstance(Constructor.java:423)
at org.openqa.selenium.remote.codec.w3c.W3CHttpResponseCodec.createException(W3CHttpResponseCodec.java:196)
at org.openqa.selenium.remote.codec.w3c.W3CHttpResponseCodec.decode(W3CHttpResponseCodec.java:129)
at org.openqa.selenium.remote.codec.w3c.W3CHttpResponseCodec.decode(W3CHttpResponseCodec.java:53)
at org.openqa.selenium.remote.HttpCommandExecutor.execute(HttpCommandExecutor.java:160)
at org.openqa.selenium.remote.service.DriverCommandExecutor.execute(DriverCommandExecutor.java:83)
at org.openqa.selenium.remote.RemoteWebDriver.execute(RemoteWebDriver.java:582)
at org.openqa.selenium.remote.RemoteWebElement.execute(RemoteWebElement.java:316)
at org.openqa.selenium.remote.RemoteWebElement.click(RemoteWebElement.java:85)
at sun.reflect.GeneratedMethodAccessor1.invoke(Unknown Source)
at sun.reflect.DelegatingMethodAccessorImpl.invoke(DelegatingMethodAccessorImpl.java:43)
at java.lang.reflect.Method.invoke(Method.java:498)
at org.openqa.selenium.support.pagefactory.internal.LocatingElementHandler.invoke(LocatingElementHandler.java:52)
at com.sun.proxy.$Proxy11.click(Unknown Source)
at myntrapages.Homepage.login(Homepage.java:89)
at myntratestpages.Carttestpage.placeorder(Carttestpage.java:96)
at sun.reflect.NativeMethodAccessorImpl.invoke0(Native Method)
at sun.reflect.NativeMethodAccessorImpl.invoke(NativeMethodAccessorImpl.java:62)
at sun.reflect.DelegatingMethodAccessorImpl.invoke(DelegatingMethodAccessorImpl.java:43)
at java.lang.reflect.Method.invoke(Method.java:498)
at org.testng.internal.MethodInvocationHelper.invokeMethod(MethodInvocationHelper.java:124)
at org.testng.internal.Invoker.invokeMethod(Invoker.java:583)
at org.testng.internal.Invoker.invokeTestMethod(Invoker.java:719)
at org.testng.internal.Invoker.invokeTestMethods(Invoker.java:989)
at org.testng.internal.TestMethodWorker.invokeTestMethods(TestMethodWorker.java:125)
at org.testng.internal.TestMethodWorker.run(TestMethodWorker.java:109)
at org.testng.TestRunner.privateRun(TestRunner.java:648)
at org.testng.TestRunner.run(TestRunner.java:505)
at org.testng.SuiteRunner.runTest(SuiteRunner.java:455)
at org.testng.SuiteRunner.runSequentially(SuiteRunner.java:450)
at org.testng.SuiteRunner.privateRun(SuiteRunner.java:415)
at org.testng.SuiteRunner.run(SuiteRunner.java:364)
at org.testng.SuiteRunnerWorker.runSuite(SuiteRunnerWorker.java:52)
at org.testng.SuiteRunnerWorker.run(SuiteRunnerWorker.java:84)
at org.testng.TestNG.runSuitesSequentially(TestNG.java:1208)
at org.testng.TestNG.runSuitesLocally(TestNG.java:1137)
at org.testng.TestNG.runSuites(TestNG.java:1049)
at org.testng.TestNG.run(TestNG.java:1017)
at org.apache.maven.surefire.testng.TestNGExecutor.run(TestNGExecutor.java:295)
at org.apache.maven.surefire.testng.TestNGXmlTestSuite.execute(TestNGXmlTestSuite.java:84)
at org.apache.maven.surefire.testng.TestNGProvider.invoke(TestNGProvider.java:90)
at org.apache.maven.surefire.booter.ForkedBooter.invokeProviderInSameClassLoader(ForkedBooter.java:203)
at org.apache.maven.surefire.booter.ForkedBooter.runSuitesInProcess(ForkedBooter.java:155)
at org.apache.maven.surefire.booter.ForkedBooter.main(ForkedBooter.java:103)
]]>
            </full-stacktrace>
          </exception> <!-- org.openqa.selenium.ElementClickInterceptedException -->
          <reporter-output>
          </reporter-output>
        </test-method> <!-- placeorder -->
        <test-method status="PASS" signature="quit()[pri:0, instance:myntratestpages.Carttestpage@12fad11]" name="quit" is-config="true" duration-ms="1447" started-at="2020-07-21T09:40:08Z" finished-at="2020-07-21T09:40:10Z">
          <reporter-output>
          </reporter-output>
        </test-method> <!-- quit -->
        <test-method status="PASS" signature="setup()[pri:0, instance:myntratestpages.Carttestpage@12fad11]" name="setup" is-config="true" duration-ms="38869" started-at="2020-07-21T09:40:10Z" finished-at="2020-07-21T09:40:49Z">
          <reporter-output>
          </reporter-output>
        </test-method> <!-- setup -->
        <test-method status="PASS" signature="shoppingbagtext()[pri:0, instance:myntratestpages.Carttestpage@12fad11]" name="shoppingbagtext" duration-ms="8521" started-at="2020-07-21T09:40:49Z" finished-at="2020-07-21T09:40:57Z">
          <reporter-output>
          </reporter-output>
        </test-method> <!-- shoppingbagtext -->
        <test-method status="PASS" signature="quit()[pri:0, instance:myntratestpages.Carttestpage@12fad11]" name="quit" is-config="true" duration-ms="1375" started-at="2020-07-21T09:40:57Z" finished-at="2020-07-21T09:40:59Z">
          <reporter-output>
          </reporter-output>
        </test-method> <!-- quit -->
        <test-method status="PASS" signature="setup()[pri:0, instance:myntratestpages.Carttestpage@12fad11]" name="setup" is-config="true" duration-ms="39767" started-at="2020-07-21T09:40:59Z" finished-at="2020-07-21T09:41:38Z">
          <reporter-output>
          </reporter-output>
        </test-method> <!-- setup -->
        <test-method status="PASS" signature="title()[pri:0, instance:myntratestpages.Carttestpage@12fad11]" name="title" duration-ms="14588" started-at="2020-07-21T09:41:38Z" finished-at="2020-07-21T09:41:53Z">
          <reporter-output>
          </reporter-output>
        </test-method> <!-- title -->
        <test-method status="PASS" signature="quit()[pri:0, instance:myntratestpages.Carttestpage@12fad11]" name="quit" is-config="true" duration-ms="1522" started-at="2020-07-21T09:41:53Z" finished-at="2020-07-21T09:41:54Z">
          <reporter-output>
          </reporter-output>
        </test-method> <!-- quit -->
        <test-method status="PASS" signature="setup()[pri:0, instance:myntratestpages.Carttestpage@12fad11]" name="setup" is-config="true" duration-ms="38461" started-at="2020-07-21T09:41:54Z" finished-at="2020-07-21T09:42:33Z">
          <reporter-output>
          </reporter-output>
        </test-method> <!-- setup -->
        <test-method status="PASS" signature="updatesize()[pri:0, instance:myntratestpages.Carttestpage@12fad11]" name="updatesize" duration-ms="9738" started-at="2020-07-21T09:42:33Z" finished-at="2020-07-21T09:42:43Z">
          <reporter-output>
          </reporter-output>
        </test-method> <!-- updatesize -->
        <test-method status="PASS" signature="quit()[pri:0, instance:myntratestpages.Carttestpage@12fad11]" name="quit" is-config="true" duration-ms="1610" started-at="2020-07-21T09:42:43Z" finished-at="2020-07-21T09:42:44Z">
          <reporter-output>
          </reporter-output>
        </test-method> <!-- quit -->
      </class> <!-- myntratestpages.Carttestpage -->
      <class name="myntratestpages.Logintestpage">
        <test-method status="PASS" signature="setup()[pri:0, instance:myntratestpages.Logintestpage@1698539]" name="setup" is-config="true" duration-ms="17387" started-at="2020-07-21T09:42:44Z" finished-at="2020-07-21T09:43:02Z">
          <reporter-output>
          </reporter-output>
        </test-method> <!-- setup -->
        <test-method status="PASS" signature="login()[pri:0, instance:myntratestpages.Logintestpage@1698539]" name="login" duration-ms="20613" started-at="2020-07-21T09:43:02Z" finished-at="2020-07-21T09:43:22Z">
          <reporter-output>
          </reporter-output>
        </test-method> <!-- login -->
        <test-method status="PASS" signature="quit()[pri:0, instance:myntratestpages.Logintestpage@1698539]" name="quit" is-config="true" duration-ms="1282" started-at="2020-07-21T09:43:22Z" finished-at="2020-07-21T09:43:24Z">
          <reporter-output>
          </reporter-output>
        </test-method> <!-- quit -->
        <test-method status="PASS" signature="setup()[pri:0, instance:myntratestpages.Logintestpage@1698539]" name="setup" is-config="true" duration-ms="11833" started-at="2020-07-21T09:43:24Z" finished-at="2020-07-21T09:43:35Z">
          <reporter-output>
          </reporter-output>
        </test-method> <!-- setup -->
        <test-method status="PASS" signature="loginlabel()[pri:0, instance:myntratestpages.Logintestpage@1698539]" name="loginlabel" duration-ms="72" started-at="2020-07-21T09:43:35Z" finished-at="2020-07-21T09:43:35Z">
          <reporter-output>
          </reporter-output>
        </test-method> <!-- loginlabel -->
        <test-method status="PASS" signature="quit()[pri:0, instance:myntratestpages.Logintestpage@1698539]" name="quit" is-config="true" duration-ms="1388" started-at="2020-07-21T09:43:35Z" finished-at="2020-07-21T09:43:37Z">
          <reporter-output>
          </reporter-output>
        </test-method> <!-- quit -->
        <test-method status="PASS" signature="setup()[pri:0, instance:myntratestpages.Logintestpage@1698539]" name="setup" is-config="true" duration-ms="22581" started-at="2020-07-21T09:43:37Z" finished-at="2020-07-21T09:43:59Z">
          <reporter-output>
          </reporter-output>
        </test-method> <!-- setup -->
        <test-method status="PASS" signature="loginscreenimage()[pri:0, instance:myntratestpages.Logintestpage@1698539]" name="loginscreenimage" duration-ms="77" started-at="2020-07-21T09:43:59Z" finished-at="2020-07-21T09:43:59Z">
          <reporter-output>
          </reporter-output>
        </test-method> <!-- loginscreenimage -->
        <test-method status="PASS" signature="quit()[pri:0, instance:myntratestpages.Logintestpage@1698539]" name="quit" is-config="true" duration-ms="1405" started-at="2020-07-21T09:43:59Z" finished-at="2020-07-21T09:44:01Z">
          <reporter-output>
          </reporter-output>
        </test-method> <!-- quit -->
        <test-method status="PASS" signature="setup()[pri:0, instance:myntratestpages.Logintestpage@1698539]" name="setup" is-config="true" duration-ms="12672" started-at="2020-07-21T09:44:01Z" finished-at="2020-07-21T09:44:14Z">
          <reporter-output>
          </reporter-output>
        </test-method> <!-- setup -->
        <test-method status="PASS" signature="passwordreset()[pri:0, instance:myntratestpages.Logintestpage@1698539]" name="passwordreset" duration-ms="886" started-at="2020-07-21T09:44:14Z" finished-at="2020-07-21T09:44:14Z">
          <reporter-output>
          </reporter-output>
        </test-method> <!-- passwordreset -->
        <test-method status="PASS" signature="quit()[pri:0, instance:myntratestpages.Logintestpage@1698539]" name="quit" is-config="true" duration-ms="1336" started-at="2020-07-21T09:44:14Z" finished-at="2020-07-21T09:44:16Z">
          <reporter-output>
          </reporter-output>
        </test-method> <!-- quit -->
        <test-method status="PASS" signature="setup()[pri:0, instance:myntratestpages.Logintestpage@1698539]" name="setup" is-config="true" duration-ms="13307" started-at="2020-07-21T09:44:16Z" finished-at="2020-07-21T09:44:29Z">
          <reporter-output>
          </reporter-output>
        </test-method> <!-- setup -->
        <test-method status="PASS" signature="telcode()[pri:0, instance:myntratestpages.Logintestpage@1698539]" name="telcode" duration-ms="35" started-at="2020-07-21T09:44:29Z" finished-at="2020-07-21T09:44:29Z">
          <reporter-output>
          </reporter-output>
        </test-method> <!-- telcode -->
        <test-method status="PASS" signature="quit()[pri:0, instance:myntratestpages.Logintestpage@1698539]" name="quit" is-config="true" duration-ms="1314" started-at="2020-07-21T09:44:29Z" finished-at="2020-07-21T09:44:30Z">
          <reporter-output>
          </reporter-output>
        </test-method> <!-- quit -->
      </class> <!-- myntratestpages.Logintestpage -->
      <class name="myntratestpages.Homepagetest">
        <test-method status="PASS" signature="setup()[pri:0, instance:myntratestpages.Homepagetest@1b6a447]" name="setup" is-config="true" duration-ms="5074" started-at="2020-07-21T09:26:51Z" finished-at="2020-07-21T09:26:57Z">
          <reporter-output>
          </reporter-output>
        </test-method> <!-- setup -->
        <test-method status="PASS" signature="adv()[pri:0, instance:myntratestpages.Homepagetest@1b6a447]" name="adv" duration-ms="32" started-at="2020-07-21T09:26:57Z" finished-at="2020-07-21T09:26:57Z">
          <reporter-output>
          </reporter-output>
        </test-method> <!-- adv -->
        <test-method status="PASS" signature="quit()[pri:0, instance:myntratestpages.Homepagetest@1b6a447]" name="quit" is-config="true" duration-ms="1088" started-at="2020-07-21T09:26:57Z" finished-at="2020-07-21T09:26:58Z">
          <reporter-output>
          </reporter-output>
        </test-method> <!-- quit -->
        <test-method status="PASS" signature="setup()[pri:0, instance:myntratestpages.Homepagetest@1b6a447]" name="setup" is-config="true" duration-ms="5103" started-at="2020-07-21T09:26:58Z" finished-at="2020-07-21T09:27:03Z">
          <reporter-output>
          </reporter-output>
        </test-method> <!-- setup -->
        <test-method status="PASS" signature="clickbag()[pri:0, instance:myntratestpages.Homepagetest@1b6a447]" name="clickbag" duration-ms="1368" started-at="2020-07-21T09:27:03Z" finished-at="2020-07-21T09:27:04Z">
          <reporter-output>
          </reporter-output>
        </test-method> <!-- clickbag -->
        <test-method status="PASS" signature="quit()[pri:0, instance:myntratestpages.Homepagetest@1b6a447]" name="quit" is-config="true" duration-ms="1248" started-at="2020-07-21T09:27:04Z" finished-at="2020-07-21T09:27:05Z">
          <reporter-output>
          </reporter-output>
        </test-method> <!-- quit -->
        <test-method status="PASS" signature="setup()[pri:0, instance:myntratestpages.Homepagetest@1b6a447]" name="setup" is-config="true" duration-ms="5766" started-at="2020-07-21T09:27:05Z" finished-at="2020-07-21T09:27:11Z">
          <reporter-output>
          </reporter-output>
        </test-method> <!-- setup -->
        <test-method status="PASS" signature="clickwishlist()[pri:0, instance:myntratestpages.Homepagetest@1b6a447]" name="clickwishlist" duration-ms="846" started-at="2020-07-21T09:27:11Z" finished-at="2020-07-21T09:27:12Z">
          <reporter-output>
          </reporter-output>
        </test-method> <!-- clickwishlist -->
        <test-method status="PASS" signature="quit()[pri:0, instance:myntratestpages.Homepagetest@1b6a447]" name="quit" is-config="true" duration-ms="1139" started-at="2020-07-21T09:27:12Z" finished-at="2020-07-21T09:27:13Z">
          <reporter-output>
          </reporter-output>
        </test-method> <!-- quit -->
        <test-method status="PASS" signature="setup()[pri:0, instance:myntratestpages.Homepagetest@1b6a447]" name="setup" is-config="true" duration-ms="9742" started-at="2020-07-21T09:27:13Z" finished-at="2020-07-21T09:27:23Z">
          <reporter-output>
          </reporter-output>
        </test-method> <!-- setup -->
        <test-method status="PASS" signature="loginbuttonclick()[pri:0, instance:myntratestpages.Homepagetest@1b6a447]" name="loginbuttonclick" duration-ms="9253" started-at="2020-07-21T09:27:23Z" finished-at="2020-07-21T09:27:32Z">
          <reporter-output>
          </reporter-output>
        </test-method> <!-- loginbuttonclick -->
        <test-method status="PASS" signature="quit()[pri:0, instance:myntratestpages.Homepagetest@1b6a447]" name="quit" is-config="true" duration-ms="1287" started-at="2020-07-21T09:27:32Z" finished-at="2020-07-21T09:27:33Z">
          <reporter-output>
          </reporter-output>
        </test-method> <!-- quit -->
        <test-method status="PASS" signature="setup()[pri:0, instance:myntratestpages.Homepagetest@1b6a447]" name="setup" is-config="true" duration-ms="6444" started-at="2020-07-21T09:27:33Z" finished-at="2020-07-21T09:27:40Z">
          <reporter-output>
          </reporter-output>
        </test-method> <!-- setup -->
        <test-method status="PASS" signature="logo()[pri:0, instance:myntratestpages.Homepagetest@1b6a447]" name="logo" duration-ms="40" started-at="2020-07-21T09:27:40Z" finished-at="2020-07-21T09:27:40Z">
          <reporter-output>
          </reporter-output>
        </test-method> <!-- logo -->
        <test-method status="PASS" signature="quit()[pri:0, instance:myntratestpages.Homepagetest@1b6a447]" name="quit" is-config="true" duration-ms="1232" started-at="2020-07-21T09:27:40Z" finished-at="2020-07-21T09:27:41Z">
          <reporter-output>
          </reporter-output>
        </test-method> <!-- quit -->
        <test-method status="PASS" signature="setup()[pri:0, instance:myntratestpages.Homepagetest@1b6a447]" name="setup" is-config="true" duration-ms="8163" started-at="2020-07-21T09:27:41Z" finished-at="2020-07-21T09:27:49Z">
          <reporter-output>
          </reporter-output>
        </test-method> <!-- setup -->
        <test-method status="PASS" signature="mencategory()[pri:0, instance:myntratestpages.Homepagetest@1b6a447]" name="mencategory" duration-ms="40" started-at="2020-07-21T09:27:49Z" finished-at="2020-07-21T09:27:49Z">
          <reporter-output>
          </reporter-output>
        </test-method> <!-- mencategory -->
        <test-method status="PASS" signature="quit()[pri:0, instance:myntratestpages.Homepagetest@1b6a447]" name="quit" is-config="true" duration-ms="1344" started-at="2020-07-21T09:27:49Z" finished-at="2020-07-21T09:27:51Z">
          <reporter-output>
          </reporter-output>
        </test-method> <!-- quit -->
        <test-method status="PASS" signature="setup()[pri:0, instance:myntratestpages.Homepagetest@1b6a447]" name="setup" is-config="true" duration-ms="6708" started-at="2020-07-21T09:27:51Z" finished-at="2020-07-21T09:27:57Z">
          <reporter-output>
          </reporter-output>
        </test-method> <!-- setup -->
        <test-method status="FAIL" signature="referbuttonclick()[pri:0, instance:myntratestpages.Homepagetest@1b6a447]" name="referbuttonclick" duration-ms="20014" started-at="2020-07-21T09:27:57Z" finished-at="2020-07-21T09:28:17Z">
          <exception class="org.openqa.selenium.NoSuchElementException">
            <message>
              <![CDATA[Unable to locate element: //button[@class='referrals-banner-exchange-more-btn']
For documentation on this error, please visit: https://selenium.dev/exceptions/#no_such_element
Build info: version: '4.0.0-alpha-6', revision: '5f43a29cfc'
System info: host: 'PMCLAP1279', ip: '192.168.56.1', os.name: 'Windows 10', os.arch: 'x86', os.version: '10.0', java.version: '1.8.0_251'
Driver info: org.openqa.selenium.firefox.FirefoxDriver
Capabilities {acceptInsecureCerts: true, browserName: firefox, browserVersion: 68.10.0, javascriptEnabled: true, moz:accessibilityChecks: false, moz:buildID: 20200622191537, moz:geckodriverVersion: 0.24.0, moz:headless: false, moz:processID: 18260, moz:profile: C:\Users\GehlotK\AppData\Lo..., moz:shutdownTimeout: 60000, moz:useNonSpecCompliantPointerOrigin: false, moz:webdriverClick: true, pageLoadStrategy: normal, platform: WINDOWS, platformName: WINDOWS, platformVersion: 10.0, rotatable: false, setWindowRect: true, strictFileInteractability: false, timeouts: {implicit: 0, pageLoad: 300000, script: 30000}, unhandledPromptBehavior: dismiss and notify}
Session ID: 3a34b334-b25e-4dc9-aed7-4b9c51c622d7
*** Element info: {Using=xpath, value=//button[@class='referrals-banner-exchange-more-btn']}]]>
            </message>
            <full-stacktrace>
              <![CDATA[org.openqa.selenium.NoSuchElementException: Unable to locate element: //button[@class='referrals-banner-exchange-more-btn']
For documentation on this error, please visit: https://selenium.dev/exceptions/#no_such_element
Build info: version: '4.0.0-alpha-6', revision: '5f43a29cfc'
System info: host: 'PMCLAP1279', ip: '192.168.56.1', os.name: 'Windows 10', os.arch: 'x86', os.version: '10.0', java.version: '1.8.0_251'
Driver info: org.openqa.selenium.firefox.FirefoxDriver
Capabilities {acceptInsecureCerts: true, browserName: firefox, browserVersion: 68.10.0, javascriptEnabled: true, moz:accessibilityChecks: false, moz:buildID: 20200622191537, moz:geckodriverVersion: 0.24.0, moz:headless: false, moz:processID: 18260, moz:profile: C:\Users\GehlotK\AppData\Lo..., moz:shutdownTimeout: 60000, moz:useNonSpecCompliantPointerOrigin: false, moz:webdriverClick: true, pageLoadStrategy: normal, platform: WINDOWS, platformName: WINDOWS, platformVersion: 10.0, rotatable: false, setWindowRect: true, strictFileInteractability: false, timeouts: {implicit: 0, pageLoad: 300000, script: 30000}, unhandledPromptBehavior: dismiss and notify}
Session ID: 3a34b334-b25e-4dc9-aed7-4b9c51c622d7
*** Element info: {Using=xpath, value=//button[@class='referrals-banner-exchange-more-btn']}
at sun.reflect.NativeConstructorAccessorImpl.newInstance0(Native Method)
at sun.reflect.NativeConstructorAccessorImpl.newInstance(NativeConstructorAccessorImpl.java:62)
at sun.reflect.DelegatingConstructorAccessorImpl.newInstance(DelegatingConstructorAccessorImpl.java:45)
at java.lang.reflect.Constructor.newInstance(Constructor.java:423)
at org.openqa.selenium.remote.codec.w3c.W3CHttpResponseCodec.createException(W3CHttpResponseCodec.java:196)
at org.openqa.selenium.remote.codec.w3c.W3CHttpResponseCodec.decode(W3CHttpResponseCodec.java:129)
at org.openqa.selenium.remote.codec.w3c.W3CHttpResponseCodec.decode(W3CHttpResponseCodec.java:53)
at org.openqa.selenium.remote.HttpCommandExecutor.execute(HttpCommandExecutor.java:160)
at org.openqa.selenium.remote.service.DriverCommandExecutor.execute(DriverCommandExecutor.java:83)
at org.openqa.selenium.remote.RemoteWebDriver.execute(RemoteWebDriver.java:582)
at org.openqa.selenium.remote.RemoteWebDriver.findElement(RemoteWebDriver.java:333)
at org.openqa.selenium.remote.RemoteWebDriver.findElementByXPath(RemoteWebDriver.java:451)
at org.openqa.selenium.By$ByXPath.findElement(By.java:394)
at org.openqa.selenium.remote.RemoteWebDriver.findElement(RemoteWebDriver.java:325)
at org.openqa.selenium.support.pagefactory.DefaultElementLocator.findElement(DefaultElementLocator.java:70)
at org.openqa.selenium.support.pagefactory.internal.LocatingElementHandler.invoke(LocatingElementHandler.java:39)
at com.sun.proxy.$Proxy11.click(Unknown Source)
at myntrapages.Homepage.referbutton(Homepage.java:82)
at myntratestpages.Homepagetest.referbuttonclick(Homepagetest.java:79)
at sun.reflect.NativeMethodAccessorImpl.invoke0(Native Method)
at sun.reflect.NativeMethodAccessorImpl.invoke(NativeMethodAccessorImpl.java:62)
at sun.reflect.DelegatingMethodAccessorImpl.invoke(DelegatingMethodAccessorImpl.java:43)
at java.lang.reflect.Method.invoke(Method.java:498)
at org.testng.internal.MethodInvocationHelper.invokeMethod(MethodInvocationHelper.java:124)
at org.testng.internal.Invoker.invokeMethod(Invoker.java:583)
at org.testng.internal.Invoker.invokeTestMethod(Invoker.java:719)
at org.testng.internal.Invoker.invokeTestMethods(Invoker.java:989)
at org.testng.internal.TestMethodWorker.invokeTestMethods(TestMethodWorker.java:125)
at org.testng.internal.TestMethodWorker.run(TestMethodWorker.java:109)
at org.testng.TestRunner.privateRun(TestRunner.java:648)
at org.testng.TestRunner.run(TestRunner.java:505)
at org.testng.SuiteRunner.runTest(SuiteRunner.java:455)
at org.testng.SuiteRunner.runSequentially(SuiteRunner.java:450)
at org.testng.SuiteRunner.privateRun(SuiteRunner.java:415)
at org.testng.SuiteRunner.run(SuiteRunner.java:364)
at org.testng.SuiteRunnerWorker.runSuite(SuiteRunnerWorker.java:52)
at org.testng.SuiteRunnerWorker.run(SuiteRunnerWorker.java:84)
at org.testng.TestNG.runSuitesSequentially(TestNG.java:1208)
at org.testng.TestNG.runSuitesLocally(TestNG.java:1137)
at org.testng.TestNG.runSuites(TestNG.java:1049)
at org.testng.TestNG.run(TestNG.java:1017)
at org.apache.maven.surefire.testng.TestNGExecutor.run(TestNGExecutor.java:295)
at org.apache.maven.surefire.testng.TestNGXmlTestSuite.execute(TestNGXmlTestSuite.java:84)
at org.apache.maven.surefire.testng.TestNGProvider.invoke(TestNGProvider.java:90)
at org.apache.maven.surefire.booter.ForkedBooter.invokeProviderInSameClassLoader(ForkedBooter.java:203)
at org.apache.maven.surefire.booter.ForkedBooter.runSuitesInProcess(ForkedBooter.java:155)
at org.apache.maven.surefire.booter.ForkedBooter.main(ForkedBooter.java:103)
]]>
            </full-stacktrace>
          </exception> <!-- org.openqa.selenium.NoSuchElementException -->
          <reporter-output>
          </reporter-output>
        </test-method> <!-- referbuttonclick -->
        <test-method status="PASS" signature="quit()[pri:0, instance:myntratestpages.Homepagetest@1b6a447]" name="quit" is-config="true" duration-ms="1266" started-at="2020-07-21T09:28:17Z" finished-at="2020-07-21T09:28:19Z">
          <reporter-output>
          </reporter-output>
        </test-method> <!-- quit -->
        <test-method status="PASS" signature="setup()[pri:0, instance:myntratestpages.Homepagetest@1b6a447]" name="setup" is-config="true" duration-ms="7622" started-at="2020-07-21T09:28:19Z" finished-at="2020-07-21T09:28:26Z">
          <reporter-output>
          </reporter-output>
        </test-method> <!-- setup -->
        <test-method status="PASS" signature="searchsuggestio()[pri:0, instance:myntratestpages.Homepagetest@1b6a447]" name="searchsuggestio" duration-ms="21879" started-at="2020-07-21T09:28:26Z" finished-at="2020-07-21T09:28:48Z">
          <reporter-output>
          </reporter-output>
        </test-method> <!-- searchsuggestio -->
        <test-method status="PASS" signature="quit()[pri:0, instance:myntratestpages.Homepagetest@1b6a447]" name="quit" is-config="true" duration-ms="1443" started-at="2020-07-21T09:28:48Z" finished-at="2020-07-21T09:28:50Z">
          <reporter-output>
          </reporter-output>
        </test-method> <!-- quit -->
        <test-method status="PASS" signature="setup()[pri:0, instance:myntratestpages.Homepagetest@1b6a447]" name="setup" is-config="true" duration-ms="7820" started-at="2020-07-21T09:28:50Z" finished-at="2020-07-21T09:28:57Z">
          <reporter-output>
          </reporter-output>
        </test-method> <!-- setup -->
        <test-method status="PASS" signature="selectcategory()[pri:0, instance:myntratestpages.Homepagetest@1b6a447]" name="selectcategory" duration-ms="9701" started-at="2020-07-21T09:28:57Z" finished-at="2020-07-21T09:29:07Z">
          <reporter-output>
          </reporter-output>
        </test-method> <!-- selectcategory -->
        <test-method status="PASS" signature="quit()[pri:0, instance:myntratestpages.Homepagetest@1b6a447]" name="quit" is-config="true" duration-ms="1283" started-at="2020-07-21T09:29:07Z" finished-at="2020-07-21T09:29:08Z">
          <reporter-output>
          </reporter-output>
        </test-method> <!-- quit -->
        <test-method status="PASS" signature="setup()[pri:0, instance:myntratestpages.Homepagetest@1b6a447]" name="setup" is-config="true" duration-ms="8429" started-at="2020-07-21T09:29:08Z" finished-at="2020-07-21T09:29:17Z">
          <reporter-output>
          </reporter-output>
        </test-method> <!-- setup -->
        <test-method status="PASS" signature="title()[pri:0, instance:myntratestpages.Homepagetest@1b6a447]" name="title" duration-ms="4" started-at="2020-07-21T09:29:17Z" finished-at="2020-07-21T09:29:17Z">
          <reporter-output>
          </reporter-output>
        </test-method> <!-- title -->
        <test-method status="PASS" signature="quit()[pri:0, instance:myntratestpages.Homepagetest@1b6a447]" name="quit" is-config="true" duration-ms="1342" started-at="2020-07-21T09:29:17Z" finished-at="2020-07-21T09:29:18Z">
          <reporter-output>
          </reporter-output>
        </test-method> <!-- quit -->
        <test-method status="PASS" signature="setup()[pri:0, instance:myntratestpages.Homepagetest@1b6a447]" name="setup" is-config="true" duration-ms="12669" started-at="2020-07-21T09:29:18Z" finished-at="2020-07-21T09:29:31Z">
          <reporter-output>
          </reporter-output>
        </test-method> <!-- setup -->
        <test-method status="PASS" signature="womencategory()[pri:0, instance:myntratestpages.Homepagetest@1b6a447]" name="womencategory" duration-ms="45" started-at="2020-07-21T09:29:31Z" finished-at="2020-07-21T09:29:31Z">
          <reporter-output>
          </reporter-output>
        </test-method> <!-- womencategory -->
        <test-method status="PASS" signature="quit()[pri:0, instance:myntratestpages.Homepagetest@1b6a447]" name="quit" is-config="true" duration-ms="1252" started-at="2020-07-21T09:29:31Z" finished-at="2020-07-21T09:29:32Z">
          <reporter-output>
          </reporter-output>
        </test-method> <!-- quit -->
      </class> <!-- myntratestpages.Homepagetest -->
      <class name="myntratestpages.Categorytestpage">
        <test-method status="PASS" signature="setup()[pri:0, instance:myntratestpages.Categorytestpage@19b4d0f]" name="setup" is-config="true" duration-ms="27858" started-at="2020-07-21T09:29:32Z" finished-at="2020-07-21T09:30:00Z">
          <reporter-output>
          </reporter-output>
        </test-method> <!-- setup -->
        <test-method status="PASS" signature="breadcrumb()[pri:0, instance:myntratestpages.Categorytestpage@19b4d0f]" name="breadcrumb" duration-ms="39" started-at="2020-07-21T09:30:00Z" finished-at="2020-07-21T09:30:00Z">
          <reporter-output>
          </reporter-output>
        </test-method> <!-- breadcrumb -->
        <test-method status="PASS" signature="quit()[pri:0, instance:myntratestpages.Categorytestpage@19b4d0f]" name="quit" is-config="true" duration-ms="1285" started-at="2020-07-21T09:30:00Z" finished-at="2020-07-21T09:30:01Z">
          <reporter-output>
          </reporter-output>
        </test-method> <!-- quit -->
        <test-method status="PASS" signature="setup()[pri:0, instance:myntratestpages.Categorytestpage@19b4d0f]" name="setup" is-config="true" duration-ms="30349" started-at="2020-07-21T09:30:01Z" finished-at="2020-07-21T09:30:32Z">
          <reporter-output>
          </reporter-output>
        </test-method> <!-- setup -->
        <test-method status="PASS" signature="clearallbuttondisplay()[pri:0, instance:myntratestpages.Categorytestpage@19b4d0f]" name="clearallbuttondisplay" duration-ms="862" started-at="2020-07-21T09:30:32Z" finished-at="2020-07-21T09:30:33Z">
          <reporter-output>
          </reporter-output>
        </test-method> <!-- clearallbuttondisplay -->
        <test-method status="PASS" signature="quit()[pri:0, instance:myntratestpages.Categorytestpage@19b4d0f]" name="quit" is-config="true" duration-ms="1582" started-at="2020-07-21T09:30:33Z" finished-at="2020-07-21T09:30:34Z">
          <reporter-output>
          </reporter-output>
        </test-method> <!-- quit -->
        <test-method status="PASS" signature="setup()[pri:0, instance:myntratestpages.Categorytestpage@19b4d0f]" name="setup" is-config="true" duration-ms="27320" started-at="2020-07-21T09:30:34Z" finished-at="2020-07-21T09:31:01Z">
          <reporter-output>
          </reporter-output>
        </test-method> <!-- setup -->
        <test-method status="PASS" signature="discountselection()[pri:0, instance:myntratestpages.Categorytestpage@19b4d0f]" name="discountselection" duration-ms="782" started-at="2020-07-21T09:31:01Z" finished-at="2020-07-21T09:31:02Z">
          <reporter-output>
          </reporter-output>
        </test-method> <!-- discountselection -->
        <test-method status="PASS" signature="quit()[pri:0, instance:myntratestpages.Categorytestpage@19b4d0f]" name="quit" is-config="true" duration-ms="1362" started-at="2020-07-21T09:31:02Z" finished-at="2020-07-21T09:31:04Z">
          <reporter-output>
          </reporter-output>
        </test-method> <!-- quit -->
        <test-method status="PASS" signature="setup()[pri:0, instance:myntratestpages.Categorytestpage@19b4d0f]" name="setup" is-config="true" duration-ms="36490" started-at="2020-07-21T09:31:04Z" finished-at="2020-07-21T09:31:40Z">
          <reporter-output>
          </reporter-output>
        </test-method> <!-- setup -->
        <test-method status="PASS" signature="fadeselection()[pri:0, instance:myntratestpages.Categorytestpage@19b4d0f]" name="fadeselection" duration-ms="841" started-at="2020-07-21T09:31:40Z" finished-at="2020-07-21T09:31:41Z">
          <reporter-output>
          </reporter-output>
        </test-method> <!-- fadeselection -->
        <test-method status="PASS" signature="quit()[pri:0, instance:myntratestpages.Categorytestpage@19b4d0f]" name="quit" is-config="true" duration-ms="1347" started-at="2020-07-21T09:31:41Z" finished-at="2020-07-21T09:31:42Z">
          <reporter-output>
          </reporter-output>
        </test-method> <!-- quit -->
        <test-method status="PASS" signature="setup()[pri:0, instance:myntratestpages.Categorytestpage@19b4d0f]" name="setup" is-config="true" duration-ms="28766" started-at="2020-07-21T09:31:42Z" finished-at="2020-07-21T09:32:11Z">
          <reporter-output>
          </reporter-output>
        </test-method> <!-- setup -->
        <test-method status="PASS" signature="product()[pri:0, instance:myntratestpages.Categorytestpage@19b4d0f]" name="product" duration-ms="10494" started-at="2020-07-21T09:32:11Z" finished-at="2020-07-21T09:32:22Z">
          <reporter-output>
          </reporter-output>
        </test-method> <!-- product -->
        <test-method status="PASS" signature="quit()[pri:0, instance:myntratestpages.Categorytestpage@19b4d0f]" name="quit" is-config="true" duration-ms="1375" started-at="2020-07-21T09:32:22Z" finished-at="2020-07-21T09:32:23Z">
          <reporter-output>
          </reporter-output>
        </test-method> <!-- quit -->
        <test-method status="PASS" signature="setup()[pri:0, instance:myntratestpages.Categorytestpage@19b4d0f]" name="setup" is-config="true" duration-ms="33183" started-at="2020-07-21T09:32:23Z" finished-at="2020-07-21T09:32:56Z">
          <reporter-output>
          </reporter-output>
        </test-method> <!-- setup -->
        <test-method status="FAIL" signature="productcount()[pri:0, instance:myntratestpages.Categorytestpage@19b4d0f]" name="productcount" duration-ms="21923" started-at="2020-07-21T09:32:56Z" finished-at="2020-07-21T09:33:18Z">
          <exception class="java.lang.AssertionError">
            <message>
              <![CDATA[expected [- 411 items] but found [- 412 items]]]>
            </message>
            <full-stacktrace>
              <![CDATA[java.lang.AssertionError: expected [- 411 items] but found [- 412 items]
at org.testng.Assert.fail(Assert.java:96)
at org.testng.Assert.failNotEquals(Assert.java:776)
at org.testng.Assert.assertEqualsImpl(Assert.java:137)
at org.testng.Assert.assertEquals(Assert.java:118)
at org.testng.Assert.assertEquals(Assert.java:453)
at org.testng.Assert.assertEquals(Assert.java:463)
at myntratestpages.Categorytestpage.productcount(Categorytestpage.java:43)
at sun.reflect.NativeMethodAccessorImpl.invoke0(Native Method)
at sun.reflect.NativeMethodAccessorImpl.invoke(NativeMethodAccessorImpl.java:62)
at sun.reflect.DelegatingMethodAccessorImpl.invoke(DelegatingMethodAccessorImpl.java:43)
at java.lang.reflect.Method.invoke(Method.java:498)
at org.testng.internal.MethodInvocationHelper.invokeMethod(MethodInvocationHelper.java:124)
at org.testng.internal.Invoker.invokeMethod(Invoker.java:583)
at org.testng.internal.Invoker.invokeTestMethod(Invoker.java:719)
at org.testng.internal.Invoker.invokeTestMethods(Invoker.java:989)
at org.testng.internal.TestMethodWorker.invokeTestMethods(TestMethodWorker.java:125)
at org.testng.internal.TestMethodWorker.run(TestMethodWorker.java:109)
at org.testng.TestRunner.privateRun(TestRunner.java:648)
at org.testng.TestRunner.run(TestRunner.java:505)
at org.testng.SuiteRunner.runTest(SuiteRunner.java:455)
at org.testng.SuiteRunner.runSequentially(SuiteRunner.java:450)
at org.testng.SuiteRunner.privateRun(SuiteRunner.java:415)
at org.testng.SuiteRunner.run(SuiteRunner.java:364)
at org.testng.SuiteRunnerWorker.runSuite(SuiteRunnerWorker.java:52)
at org.testng.SuiteRunnerWorker.run(SuiteRunnerWorker.java:84)
at org.testng.TestNG.runSuitesSequentially(TestNG.java:1208)
at org.testng.TestNG.runSuitesLocally(TestNG.java:1137)
at org.testng.TestNG.runSuites(TestNG.java:1049)
at org.testng.TestNG.run(TestNG.java:1017)
at org.apache.maven.surefire.testng.TestNGExecutor.run(TestNGExecutor.java:295)
at org.apache.maven.surefire.testng.TestNGXmlTestSuite.execute(TestNGXmlTestSuite.java:84)
at org.apache.maven.surefire.testng.TestNGProvider.invoke(TestNGProvider.java:90)
at org.apache.maven.surefire.booter.ForkedBooter.invokeProviderInSameClassLoader(ForkedBooter.java:203)
at org.apache.maven.surefire.booter.ForkedBooter.runSuitesInProcess(ForkedBooter.java:155)
at org.apache.maven.surefire.booter.ForkedBooter.main(ForkedBooter.java:103)
]]>
            </full-stacktrace>
          </exception> <!-- java.lang.AssertionError -->
          <reporter-output>
          </reporter-output>
        </test-method> <!-- productcount -->
        <test-method status="PASS" signature="quit()[pri:0, instance:myntratestpages.Categorytestpage@19b4d0f]" name="quit" is-config="true" duration-ms="1209" started-at="2020-07-21T09:33:18Z" finished-at="2020-07-21T09:33:19Z">
          <reporter-output>
          </reporter-output>
        </test-method> <!-- quit -->
        <test-method status="PASS" signature="setup()[pri:0, instance:myntratestpages.Categorytestpage@19b4d0f]" name="setup" is-config="true" duration-ms="27271" started-at="2020-07-21T09:33:19Z" finished-at="2020-07-21T09:33:46Z">
          <reporter-output>
          </reporter-output>
        </test-method> <!-- setup -->
        <test-method status="FAIL" signature="similarproducts()[pri:0, instance:myntratestpages.Categorytestpage@19b4d0f]" name="similarproducts" duration-ms="22902" started-at="2020-07-21T09:33:46Z" finished-at="2020-07-21T09:34:09Z">
          <exception class="org.openqa.selenium.json.JsonException">
            <message>
              <![CDATA[java.lang.reflect.InvocationTargetException
Build info: version: '4.0.0-alpha-6', revision: '5f43a29cfc'
System info: host: 'PMCLAP1279', ip: '192.168.56.1', os.name: 'Windows 10', os.arch: 'x86', os.version: '10.0', java.version: '1.8.0_251'
Driver info: driver.version: RemoteWebDriver]]>
            </message>
            <full-stacktrace>
              <![CDATA[org.openqa.selenium.json.JsonException: java.lang.reflect.InvocationTargetException
Build info: version: '4.0.0-alpha-6', revision: '5f43a29cfc'
System info: host: 'PMCLAP1279', ip: '192.168.56.1', os.name: 'Windows 10', os.arch: 'x86', os.version: '10.0', java.version: '1.8.0_251'
Driver info: driver.version: RemoteWebDriver
at org.openqa.selenium.json.JsonOutput.convertUsingMethod(JsonOutput.java:345)
at org.openqa.selenium.json.JsonOutput.lambda$new$15(JsonOutput.java:148)
at org.openqa.selenium.json.JsonOutput.write(JsonOutput.java:276)
at org.openqa.selenium.json.JsonOutput.lambda$new$21(JsonOutput.java:163)
at java.util.stream.ForEachOps$ForEachOp$OfRef.accept(ForEachOps.java:184)
at java.util.stream.ReferencePipeline$2$1.accept(ReferencePipeline.java:175)
at java.util.Iterator.forEachRemaining(Iterator.java:116)
at java.util.Spliterators$IteratorSpliterator.forEachRemaining(Spliterators.java:1801)
at java.util.stream.AbstractPipeline.copyInto(AbstractPipeline.java:482)
at java.util.stream.AbstractPipeline.wrapAndCopyInto(AbstractPipeline.java:472)
at java.util.stream.ForEachOps$ForEachOp.evaluateSequential(ForEachOps.java:151)
at java.util.stream.ForEachOps$ForEachOp$OfRef.evaluateSequential(ForEachOps.java:174)
at java.util.stream.AbstractPipeline.evaluate(AbstractPipeline.java:234)
at java.util.stream.ReferencePipeline.forEach(ReferencePipeline.java:418)
at org.openqa.selenium.json.JsonOutput.lambda$new$22(JsonOutput.java:163)
at org.openqa.selenium.json.JsonOutput.write(JsonOutput.java:276)
at org.openqa.selenium.json.JsonOutput.lambda$new$23(JsonOutput.java:176)
at com.google.common.collect.SingletonImmutableBiMap.forEach(SingletonImmutableBiMap.java:65)
at org.openqa.selenium.json.JsonOutput.lambda$new$24(JsonOutput.java:171)
at org.openqa.selenium.json.JsonOutput.write(JsonOutput.java:276)
at org.openqa.selenium.json.JsonOutput.write(JsonOutput.java:267)
at org.openqa.selenium.json.Json.toJson(Json.java:42)
at org.openqa.selenium.remote.codec.AbstractHttpCommandCodec.encode(AbstractHttpCommandCodec.java:255)
at org.openqa.selenium.remote.codec.AbstractHttpCommandCodec.encode(AbstractHttpCommandCodec.java:128)
at org.openqa.selenium.remote.HttpCommandExecutor.execute(HttpCommandExecutor.java:154)
at org.openqa.selenium.remote.service.DriverCommandExecutor.execute(DriverCommandExecutor.java:83)
at org.openqa.selenium.remote.RemoteWebDriver.execute(RemoteWebDriver.java:582)
at org.openqa.selenium.remote.RemoteWebDriver.perform(RemoteWebDriver.java:652)
at org.openqa.selenium.interactions.Actions$BuiltAction.perform(Actions.java:613)
at myntrapages.Categorypage.viewsimilar(Categorypage.java:175)
at myntratestpages.Categorytestpage.similarproducts(Categorytestpage.java:89)
at sun.reflect.NativeMethodAccessorImpl.invoke0(Native Method)
at sun.reflect.NativeMethodAccessorImpl.invoke(NativeMethodAccessorImpl.java:62)
at sun.reflect.DelegatingMethodAccessorImpl.invoke(DelegatingMethodAccessorImpl.java:43)
at java.lang.reflect.Method.invoke(Method.java:498)
at org.testng.internal.MethodInvocationHelper.invokeMethod(MethodInvocationHelper.java:124)
at org.testng.internal.Invoker.invokeMethod(Invoker.java:583)
at org.testng.internal.Invoker.invokeTestMethod(Invoker.java:719)
at org.testng.internal.Invoker.invokeTestMethods(Invoker.java:989)
at org.testng.internal.TestMethodWorker.invokeTestMethods(TestMethodWorker.java:125)
at org.testng.internal.TestMethodWorker.run(TestMethodWorker.java:109)
at org.testng.TestRunner.privateRun(TestRunner.java:648)
at org.testng.TestRunner.run(TestRunner.java:505)
at org.testng.SuiteRunner.runTest(SuiteRunner.java:455)
at org.testng.SuiteRunner.runSequentially(SuiteRunner.java:450)
at org.testng.SuiteRunner.privateRun(SuiteRunner.java:415)
at org.testng.SuiteRunner.run(SuiteRunner.java:364)
at org.testng.SuiteRunnerWorker.runSuite(SuiteRunnerWorker.java:52)
at org.testng.SuiteRunnerWorker.run(SuiteRunnerWorker.java:84)
at org.testng.TestNG.runSuitesSequentially(TestNG.java:1208)
at org.testng.TestNG.runSuitesLocally(TestNG.java:1137)
at org.testng.TestNG.runSuites(TestNG.java:1049)
at org.testng.TestNG.run(TestNG.java:1017)
at org.apache.maven.surefire.testng.TestNGExecutor.run(TestNGExecutor.java:295)
at org.apache.maven.surefire.testng.TestNGXmlTestSuite.execute(TestNGXmlTestSuite.java:84)
at org.apache.maven.surefire.testng.TestNGProvider.invoke(TestNGProvider.java:90)
at org.apache.maven.surefire.booter.ForkedBooter.invokeProviderInSameClassLoader(ForkedBooter.java:203)
at org.apache.maven.surefire.booter.ForkedBooter.runSuitesInProcess(ForkedBooter.java:155)
at org.apache.maven.surefire.booter.ForkedBooter.main(ForkedBooter.java:103)
Suppressed: org.openqa.selenium.json.JsonException: Attempting to close incomplete json stream
Build info: version: '4.0.0-alpha-6', revision: '5f43a29cfc'
System info: host: 'PMCLAP1279', ip: '192.168.56.1', os.name: 'Windows 10', os.arch: 'x86', os.version: '10.0', java.version: '1.8.0_251'
Driver info: driver.version: RemoteWebDriver
at org.openqa.selenium.json.JsonOutput.close(JsonOutput.java:292)
at org.openqa.selenium.json.Json.toJson(Json.java:40)
... 37 more
Caused by: java.lang.reflect.InvocationTargetException
at sun.reflect.NativeMethodAccessorImpl.invoke0(Native Method)
at sun.reflect.NativeMethodAccessorImpl.invoke(NativeMethodAccessorImpl.java:62)
at sun.reflect.DelegatingMethodAccessorImpl.invoke(DelegatingMethodAccessorImpl.java:43)
at java.lang.reflect.Method.invoke(Method.java:498)
at org.openqa.selenium.json.JsonOutput.convertUsingMethod(JsonOutput.java:341)
... 58 more
Caused by: org.openqa.selenium.NoSuchElementException: Unable to locate element: //div[@class='image-grid-similarColorsCta product-similarItemCta']//parent::li//a//div/h3[text()='Rodamo']
For documentation on this error, please visit: https://selenium.dev/exceptions/#no_such_element
Build info: version: '4.0.0-alpha-6', revision: '5f43a29cfc'
System info: host: 'PMCLAP1279', ip: '192.168.56.1', os.name: 'Windows 10', os.arch: 'x86', os.version: '10.0', java.version: '1.8.0_251'
Driver info: org.openqa.selenium.firefox.FirefoxDriver
Capabilities {acceptInsecureCerts: true, browserName: firefox, browserVersion: 68.10.0, javascriptEnabled: true, moz:accessibilityChecks: false, moz:buildID: 20200622191537, moz:geckodriverVersion: 0.24.0, moz:headless: false, moz:processID: 7760, moz:profile: C:\Users\GehlotK\AppData\Lo..., moz:shutdownTimeout: 60000, moz:useNonSpecCompliantPointerOrigin: false, moz:webdriverClick: true, pageLoadStrategy: normal, platform: WINDOWS, platformName: WINDOWS, platformVersion: 10.0, rotatable: false, setWindowRect: true, strictFileInteractability: false, timeouts: {implicit: 0, pageLoad: 300000, script: 30000}, unhandledPromptBehavior: dismiss and notify}
Session ID: c1425068-7be8-49e0-bbea-a0999e76c49c
*** Element info: {Using=xpath, value=//div[@class='image-grid-similarColorsCta product-similarItemCta']//parent::li//a//div/h3[text()='Rodamo']}
at sun.reflect.NativeConstructorAccessorImpl.newInstance0(Native Method)
at sun.reflect.NativeConstructorAccessorImpl.newInstance(NativeConstructorAccessorImpl.java:62)
at sun.reflect.DelegatingConstructorAccessorImpl.newInstance(DelegatingConstructorAccessorImpl.java:45)
at java.lang.reflect.Constructor.newInstance(Constructor.java:423)
at org.openqa.selenium.remote.codec.w3c.W3CHttpResponseCodec.createException(W3CHttpResponseCodec.java:196)
at org.openqa.selenium.remote.codec.w3c.W3CHttpResponseCodec.decode(W3CHttpResponseCodec.java:129)
at org.openqa.selenium.remote.codec.w3c.W3CHttpResponseCodec.decode(W3CHttpResponseCodec.java:53)
at org.openqa.selenium.remote.HttpCommandExecutor.execute(HttpCommandExecutor.java:160)
at org.openqa.selenium.remote.service.DriverCommandExecutor.execute(DriverCommandExecutor.java:83)
at org.openqa.selenium.remote.RemoteWebDriver.execute(RemoteWebDriver.java:582)
at org.openqa.selenium.remote.RemoteWebDriver.findElement(RemoteWebDriver.java:333)
at org.openqa.selenium.remote.RemoteWebDriver.findElementByXPath(RemoteWebDriver.java:451)
at org.openqa.selenium.By$ByXPath.findElement(By.java:394)
at org.openqa.selenium.remote.RemoteWebDriver.findElement(RemoteWebDriver.java:325)
at org.openqa.selenium.support.pagefactory.DefaultElementLocator.findElement(DefaultElementLocator.java:70)
at org.openqa.selenium.support.pagefactory.internal.LocatingElementHandler.invoke(LocatingElementHandler.java:39)
at com.sun.proxy.$Proxy11.getWrappedElement(Unknown Source)
at org.openqa.selenium.interactions.PointerInput$Origin.asArg(PointerInput.java:201)
at org.openqa.selenium.interactions.PointerInput$Move.encode(PointerInput.java:152)
at org.openqa.selenium.interactions.Sequence.encode(Sequence.java:73)
at org.openqa.selenium.interactions.Sequence.toJson(Sequence.java:82)
... 63 more
]]>
            </full-stacktrace>
          </exception> <!-- org.openqa.selenium.json.JsonException -->
          <reporter-output>
          </reporter-output>
        </test-method> <!-- similarproducts -->
        <test-method status="PASS" signature="quit()[pri:0, instance:myntratestpages.Categorytestpage@19b4d0f]" name="quit" is-config="true" duration-ms="1392" started-at="2020-07-21T09:34:09Z" finished-at="2020-07-21T09:34:11Z">
          <reporter-output>
          </reporter-output>
        </test-method> <!-- quit -->
        <test-method status="PASS" signature="setup()[pri:0, instance:myntratestpages.Categorytestpage@19b4d0f]" name="setup" is-config="true" duration-ms="31617" started-at="2020-07-21T09:34:11Z" finished-at="2020-07-21T09:34:42Z">
          <reporter-output>
          </reporter-output>
        </test-method> <!-- setup -->
        <test-method status="PASS" signature="sort()[pri:0, instance:myntratestpages.Categorytestpage@19b4d0f]" name="sort" duration-ms="688" started-at="2020-07-21T09:34:42Z" finished-at="2020-07-21T09:34:43Z">
          <reporter-output>
          </reporter-output>
        </test-method> <!-- sort -->
        <test-method status="PASS" signature="quit()[pri:0, instance:myntratestpages.Categorytestpage@19b4d0f]" name="quit" is-config="true" duration-ms="1669" started-at="2020-07-21T09:34:43Z" finished-at="2020-07-21T09:34:45Z">
          <reporter-output>
          </reporter-output>
        </test-method> <!-- quit -->
        <test-method status="PASS" signature="setup()[pri:0, instance:myntratestpages.Categorytestpage@19b4d0f]" name="setup" is-config="true" duration-ms="26680" started-at="2020-07-21T09:34:45Z" finished-at="2020-07-21T09:35:11Z">
          <reporter-output>
          </reporter-output>
        </test-method> <!-- setup -->
        <test-method status="PASS" signature="title()[pri:0, instance:myntratestpages.Categorytestpage@19b4d0f]" name="title" duration-ms="3" started-at="2020-07-21T09:35:11Z" finished-at="2020-07-21T09:35:11Z">
          <reporter-output>
          </reporter-output>
        </test-method> <!-- title -->
        <test-method status="PASS" signature="quit()[pri:0, instance:myntratestpages.Categorytestpage@19b4d0f]" name="quit" is-config="true" duration-ms="1287" started-at="2020-07-21T09:35:11Z" finished-at="2020-07-21T09:35:13Z">
          <reporter-output>
          </reporter-output>
        </test-method> <!-- quit -->
      </class> <!-- myntratestpages.Categorytestpage -->
    </test> <!-- Test -->
  </suite> <!-- Suite -->
</testng-results>
