<?xml version="1.0" encoding="UTF-8"?>
<testng-results skipped="0" failed="2" ignored="0" total="9" passed="7">
  <reporter-output>
  </reporter-output>
  <suite name="Default suite" duration-ms="319967" started-at="2020-07-14T12:29:40Z" finished-at="2020-07-14T12:35:00Z">
    <groups>
    </groups>
    <test name="Default test" duration-ms="319967" started-at="2020-07-14T12:29:40Z" finished-at="2020-07-14T12:35:00Z">
      <class name="myntratestpages.Categorytestpage">
        <test-method status="PASS" signature="setup()[pri:0, instance:myntratestpages.Categorytestpage@2b98378d]" name="setup" is-config="true" duration-ms="32008" started-at="2020-07-14T12:29:40Z" finished-at="2020-07-14T12:30:12Z">
          <reporter-output>
          </reporter-output>
        </test-method> <!-- setup -->
        <test-method status="PASS" signature="breadcrumb()[pri:0, instance:myntratestpages.Categorytestpage@2b98378d]" name="breadcrumb" duration-ms="84" started-at="2020-07-14T12:30:12Z" finished-at="2020-07-14T12:30:12Z">
          <reporter-output>
          </reporter-output>
        </test-method> <!-- breadcrumb -->
        <test-method status="PASS" signature="quit()[pri:0, instance:myntratestpages.Categorytestpage@2b98378d]" name="quit" is-config="true" duration-ms="1675" started-at="2020-07-14T12:30:12Z" finished-at="2020-07-14T12:30:13Z">
          <reporter-output>
          </reporter-output>
        </test-method> <!-- quit -->
        <test-method status="PASS" signature="setup()[pri:0, instance:myntratestpages.Categorytestpage@2b98378d]" name="setup" is-config="true" duration-ms="28935" started-at="2020-07-14T12:30:13Z" finished-at="2020-07-14T12:30:42Z">
          <reporter-output>
          </reporter-output>
        </test-method> <!-- setup -->
        <test-method status="PASS" signature="clearallbuttondisplay()[pri:0, instance:myntratestpages.Categorytestpage@2b98378d]" name="clearallbuttondisplay" duration-ms="940" started-at="2020-07-14T12:30:42Z" finished-at="2020-07-14T12:30:43Z">
          <reporter-output>
          </reporter-output>
        </test-method> <!-- clearallbuttondisplay -->
        <test-method status="PASS" signature="quit()[pri:0, instance:myntratestpages.Categorytestpage@2b98378d]" name="quit" is-config="true" duration-ms="1578" started-at="2020-07-14T12:30:43Z" finished-at="2020-07-14T12:30:45Z">
          <reporter-output>
          </reporter-output>
        </test-method> <!-- quit -->
        <test-method status="PASS" signature="setup()[pri:0, instance:myntratestpages.Categorytestpage@2b98378d]" name="setup" is-config="true" duration-ms="28258" started-at="2020-07-14T12:30:45Z" finished-at="2020-07-14T12:31:13Z">
          <reporter-output>
          </reporter-output>
        </test-method> <!-- setup -->
        <test-method status="PASS" signature="discountselection()[pri:0, instance:myntratestpages.Categorytestpage@2b98378d]" name="discountselection" duration-ms="799" started-at="2020-07-14T12:31:13Z" finished-at="2020-07-14T12:31:14Z">
          <reporter-output>
          </reporter-output>
        </test-method> <!-- discountselection -->
        <test-method status="PASS" signature="quit()[pri:0, instance:myntratestpages.Categorytestpage@2b98378d]" name="quit" is-config="true" duration-ms="4772" started-at="2020-07-14T12:31:14Z" finished-at="2020-07-14T12:31:19Z">
          <reporter-output>
          </reporter-output>
        </test-method> <!-- quit -->
        <test-method status="PASS" signature="setup()[pri:0, instance:myntratestpages.Categorytestpage@2b98378d]" name="setup" is-config="true" duration-ms="27692" started-at="2020-07-14T12:31:19Z" finished-at="2020-07-14T12:31:46Z">
          <reporter-output>
          </reporter-output>
        </test-method> <!-- setup -->
        <test-method status="PASS" signature="fadeselection()[pri:0, instance:myntratestpages.Categorytestpage@2b98378d]" name="fadeselection" duration-ms="776" started-at="2020-07-14T12:31:46Z" finished-at="2020-07-14T12:31:47Z">
          <reporter-output>
          </reporter-output>
        </test-method> <!-- fadeselection -->
        <test-method status="PASS" signature="quit()[pri:0, instance:myntratestpages.Categorytestpage@2b98378d]" name="quit" is-config="true" duration-ms="1463" started-at="2020-07-14T12:31:47Z" finished-at="2020-07-14T12:31:49Z">
          <reporter-output>
          </reporter-output>
        </test-method> <!-- quit -->
        <test-method status="PASS" signature="setup()[pri:0, instance:myntratestpages.Categorytestpage@2b98378d]" name="setup" is-config="true" duration-ms="29879" started-at="2020-07-14T12:31:49Z" finished-at="2020-07-14T12:32:19Z">
          <reporter-output>
          </reporter-output>
        </test-method> <!-- setup -->
        <test-method status="PASS" signature="product()[pri:0, instance:myntratestpages.Categorytestpage@2b98378d]" name="product" duration-ms="10555" started-at="2020-07-14T12:32:19Z" finished-at="2020-07-14T12:32:29Z">
          <reporter-output>
          </reporter-output>
        </test-method> <!-- product -->
        <test-method status="PASS" signature="quit()[pri:0, instance:myntratestpages.Categorytestpage@2b98378d]" name="quit" is-config="true" duration-ms="1492" started-at="2020-07-14T12:32:29Z" finished-at="2020-07-14T12:32:31Z">
          <reporter-output>
          </reporter-output>
        </test-method> <!-- quit -->
        <test-method status="PASS" signature="setup()[pri:0, instance:myntratestpages.Categorytestpage@2b98378d]" name="setup" is-config="true" duration-ms="27718" started-at="2020-07-14T12:32:31Z" finished-at="2020-07-14T12:32:58Z">
          <reporter-output>
          </reporter-output>
        </test-method> <!-- setup -->
        <test-method status="FAIL" signature="productcount()[pri:0, instance:myntratestpages.Categorytestpage@2b98378d]" name="productcount" duration-ms="26139" started-at="2020-07-14T12:32:58Z" finished-at="2020-07-14T12:33:24Z">
          <exception class="java.lang.AssertionError">
            <message>
              <![CDATA[expected [- 387 items] but found [- 388 items]]]>
            </message>
            <full-stacktrace>
              <![CDATA[java.lang.AssertionError: expected [- 387 items] but found [- 388 items]
at org.testng.Assert.fail(Assert.java:96)
at org.testng.Assert.failNotEquals(Assert.java:776)
at org.testng.Assert.assertEqualsImpl(Assert.java:137)
at org.testng.Assert.assertEquals(Assert.java:118)
at org.testng.Assert.assertEquals(Assert.java:453)
at org.testng.Assert.assertEquals(Assert.java:463)
at myntratestpages.Categorytestpage.productcount(Categorytestpage.java:43)
at sun.reflect.NativeMethodAccessorImpl.invoke0(Native Method)
at sun.reflect.NativeMethodAccessorImpl.invoke(NativeMethodAccessorImpl.java:62)
at sun.reflect.DelegatingMethodAccessorImpl.invoke(DelegatingMethodAccessorImpl.java:43)
at java.lang.reflect.Method.invoke(Method.java:498)
at org.testng.internal.MethodInvocationHelper.invokeMethod(MethodInvocationHelper.java:124)
at org.testng.internal.Invoker.invokeMethod(Invoker.java:583)
at org.testng.internal.Invoker.invokeTestMethod(Invoker.java:719)
at org.testng.internal.Invoker.invokeTestMethods(Invoker.java:989)
at org.testng.internal.TestMethodWorker.invokeTestMethods(TestMethodWorker.java:125)
at org.testng.internal.TestMethodWorker.run(TestMethodWorker.java:109)
at org.testng.TestRunner.privateRun(TestRunner.java:648)
at org.testng.TestRunner.run(TestRunner.java:505)
at org.testng.SuiteRunner.runTest(SuiteRunner.java:455)
at org.testng.SuiteRunner.runSequentially(SuiteRunner.java:450)
at org.testng.SuiteRunner.privateRun(SuiteRunner.java:415)
at org.testng.SuiteRunner.run(SuiteRunner.java:364)
at org.testng.SuiteRunnerWorker.runSuite(SuiteRunnerWorker.java:52)
at org.testng.SuiteRunnerWorker.run(SuiteRunnerWorker.java:84)
at org.testng.TestNG.runSuitesSequentially(TestNG.java:1208)
at org.testng.TestNG.runSuitesLocally(TestNG.java:1137)
at org.testng.TestNG.runSuites(TestNG.java:1049)
at org.testng.TestNG.run(TestNG.java:1017)
at org.testng.remote.AbstractRemoteTestNG.run(AbstractRemoteTestNG.java:114)
at org.testng.remote.RemoteTestNG.initAndRun(RemoteTestNG.java:251)
at org.testng.remote.RemoteTestNG.main(RemoteTestNG.java:77)
]]>
            </full-stacktrace>
          </exception> <!-- java.lang.AssertionError -->
          <reporter-output>
          </reporter-output>
        </test-method> <!-- productcount -->
        <test-method status="PASS" signature="quit()[pri:0, instance:myntratestpages.Categorytestpage@2b98378d]" name="quit" is-config="true" duration-ms="1595" started-at="2020-07-14T12:33:24Z" finished-at="2020-07-14T12:33:26Z">
          <reporter-output>
          </reporter-output>
        </test-method> <!-- quit -->
        <test-method status="PASS" signature="setup()[pri:0, instance:myntratestpages.Categorytestpage@2b98378d]" name="setup" is-config="true" duration-ms="29235" started-at="2020-07-14T12:33:26Z" finished-at="2020-07-14T12:33:55Z">
          <reporter-output>
          </reporter-output>
        </test-method> <!-- setup -->
        <test-method status="FAIL" signature="similarproducts()[pri:0, instance:myntratestpages.Categorytestpage@2b98378d]" name="similarproducts" duration-ms="3174" started-at="2020-07-14T12:33:55Z" finished-at="2020-07-14T12:33:58Z">
          <exception class="org.openqa.selenium.interactions.MoveTargetOutOfBoundsException">
            <message>
              <![CDATA[(1387, 2255) is out of bounds of viewport width (1536) and height (750)
Build info: version: '3.141.59', revision: 'e82be7d358', time: '2018-11-14T08:25:48'
System info: host: 'PMCLAP1279', ip: '192.168.56.1', os.name: 'Windows 10', os.arch: 'amd64', os.version: '10.0', java.version: '1.8.0_251'
Driver info: org.openqa.selenium.firefox.FirefoxDriver
Capabilities {acceptInsecureCerts: true, browserName: firefox, browserVersion: 68.10.0, javascriptEnabled: true, moz:accessibilityChecks: false, moz:buildID: 20200622191537, moz:geckodriverVersion: 0.24.0, moz:headless: false, moz:processID: 25272, moz:profile: C:\Users\GehlotK\AppData\Lo..., moz:shutdownTimeout: 60000, moz:useNonSpecCompliantPointerOrigin: false, moz:webdriverClick: true, pageLoadStrategy: normal, platform: WINDOWS, platformName: WINDOWS, platformVersion: 10.0, rotatable: false, setWindowRect: true, strictFileInteractability: false, timeouts: {implicit: 0, pageLoad: 300000, script: 30000}, unhandledPromptBehavior: dismiss and notify}
Session ID: c15679fc-915e-48d6-8ce2-4f9068b01192]]>
            </message>
            <full-stacktrace>
              <![CDATA[org.openqa.selenium.interactions.MoveTargetOutOfBoundsException: (1387, 2255) is out of bounds of viewport width (1536) and height (750)
Build info: version: '3.141.59', revision: 'e82be7d358', time: '2018-11-14T08:25:48'
System info: host: 'PMCLAP1279', ip: '192.168.56.1', os.name: 'Windows 10', os.arch: 'amd64', os.version: '10.0', java.version: '1.8.0_251'
Driver info: org.openqa.selenium.firefox.FirefoxDriver
Capabilities {acceptInsecureCerts: true, browserName: firefox, browserVersion: 68.10.0, javascriptEnabled: true, moz:accessibilityChecks: false, moz:buildID: 20200622191537, moz:geckodriverVersion: 0.24.0, moz:headless: false, moz:processID: 25272, moz:profile: C:\Users\GehlotK\AppData\Lo..., moz:shutdownTimeout: 60000, moz:useNonSpecCompliantPointerOrigin: false, moz:webdriverClick: true, pageLoadStrategy: normal, platform: WINDOWS, platformName: WINDOWS, platformVersion: 10.0, rotatable: false, setWindowRect: true, strictFileInteractability: false, timeouts: {implicit: 0, pageLoad: 300000, script: 30000}, unhandledPromptBehavior: dismiss and notify}
Session ID: c15679fc-915e-48d6-8ce2-4f9068b01192
at sun.reflect.NativeConstructorAccessorImpl.newInstance0(Native Method)
at sun.reflect.NativeConstructorAccessorImpl.newInstance(NativeConstructorAccessorImpl.java:62)
at sun.reflect.DelegatingConstructorAccessorImpl.newInstance(DelegatingConstructorAccessorImpl.java:45)
at java.lang.reflect.Constructor.newInstance(Constructor.java:423)
at org.openqa.selenium.remote.http.W3CHttpResponseCodec.createException(W3CHttpResponseCodec.java:187)
at org.openqa.selenium.remote.http.W3CHttpResponseCodec.decode(W3CHttpResponseCodec.java:122)
at org.openqa.selenium.remote.http.W3CHttpResponseCodec.decode(W3CHttpResponseCodec.java:49)
at org.openqa.selenium.remote.HttpCommandExecutor.execute(HttpCommandExecutor.java:158)
at org.openqa.selenium.remote.service.DriverCommandExecutor.execute(DriverCommandExecutor.java:83)
at org.openqa.selenium.remote.RemoteWebDriver.execute(RemoteWebDriver.java:552)
at org.openqa.selenium.remote.RemoteWebDriver.perform(RemoteWebDriver.java:618)
at org.openqa.selenium.interactions.Actions$BuiltAction.perform(Actions.java:639)
at myntrapages.Categorypage.viewsimilar(Categorypage.java:175)
at myntratestpages.Categorytestpage.similarproducts(Categorytestpage.java:89)
at sun.reflect.NativeMethodAccessorImpl.invoke0(Native Method)
at sun.reflect.NativeMethodAccessorImpl.invoke(NativeMethodAccessorImpl.java:62)
at sun.reflect.DelegatingMethodAccessorImpl.invoke(DelegatingMethodAccessorImpl.java:43)
at java.lang.reflect.Method.invoke(Method.java:498)
at org.testng.internal.MethodInvocationHelper.invokeMethod(MethodInvocationHelper.java:124)
at org.testng.internal.Invoker.invokeMethod(Invoker.java:583)
at org.testng.internal.Invoker.invokeTestMethod(Invoker.java:719)
at org.testng.internal.Invoker.invokeTestMethods(Invoker.java:989)
at org.testng.internal.TestMethodWorker.invokeTestMethods(TestMethodWorker.java:125)
at org.testng.internal.TestMethodWorker.run(TestMethodWorker.java:109)
at org.testng.TestRunner.privateRun(TestRunner.java:648)
at org.testng.TestRunner.run(TestRunner.java:505)
at org.testng.SuiteRunner.runTest(SuiteRunner.java:455)
at org.testng.SuiteRunner.runSequentially(SuiteRunner.java:450)
at org.testng.SuiteRunner.privateRun(SuiteRunner.java:415)
at org.testng.SuiteRunner.run(SuiteRunner.java:364)
at org.testng.SuiteRunnerWorker.runSuite(SuiteRunnerWorker.java:52)
at org.testng.SuiteRunnerWorker.run(SuiteRunnerWorker.java:84)
at org.testng.TestNG.runSuitesSequentially(TestNG.java:1208)
at org.testng.TestNG.runSuitesLocally(TestNG.java:1137)
at org.testng.TestNG.runSuites(TestNG.java:1049)
at org.testng.TestNG.run(TestNG.java:1017)
at org.testng.remote.AbstractRemoteTestNG.run(AbstractRemoteTestNG.java:114)
at org.testng.remote.RemoteTestNG.initAndRun(RemoteTestNG.java:251)
at org.testng.remote.RemoteTestNG.main(RemoteTestNG.java:77)
]]>
            </full-stacktrace>
          </exception> <!-- org.openqa.selenium.interactions.MoveTargetOutOfBoundsException -->
          <reporter-output>
          </reporter-output>
        </test-method> <!-- similarproducts -->
        <test-method status="PASS" signature="quit()[pri:0, instance:myntratestpages.Categorytestpage@2b98378d]" name="quit" is-config="true" duration-ms="1432" started-at="2020-07-14T12:33:58Z" finished-at="2020-07-14T12:34:00Z">
          <reporter-output>
          </reporter-output>
        </test-method> <!-- quit -->
        <test-method status="PASS" signature="setup()[pri:0, instance:myntratestpages.Categorytestpage@2b98378d]" name="setup" is-config="true" duration-ms="27981" started-at="2020-07-14T12:34:00Z" finished-at="2020-07-14T12:34:28Z">
          <reporter-output>
          </reporter-output>
        </test-method> <!-- setup -->
        <test-method status="PASS" signature="sort()[pri:0, instance:myntratestpages.Categorytestpage@2b98378d]" name="sort" duration-ms="819" started-at="2020-07-14T12:34:28Z" finished-at="2020-07-14T12:34:29Z">
          <reporter-output>
          </reporter-output>
        </test-method> <!-- sort -->
        <test-method status="PASS" signature="quit()[pri:0, instance:myntratestpages.Categorytestpage@2b98378d]" name="quit" is-config="true" duration-ms="1544" started-at="2020-07-14T12:34:29Z" finished-at="2020-07-14T12:34:30Z">
          <reporter-output>
          </reporter-output>
        </test-method> <!-- quit -->
        <test-method status="PASS" signature="setup()[pri:0, instance:myntratestpages.Categorytestpage@2b98378d]" name="setup" is-config="true" duration-ms="28009" started-at="2020-07-14T12:34:30Z" finished-at="2020-07-14T12:34:58Z">
          <reporter-output>
          </reporter-output>
        </test-method> <!-- setup -->
        <test-method status="PASS" signature="title()[pri:0, instance:myntratestpages.Categorytestpage@2b98378d]" name="title" duration-ms="3" started-at="2020-07-14T12:34:58Z" finished-at="2020-07-14T12:34:58Z">
          <reporter-output>
          </reporter-output>
        </test-method> <!-- title -->
        <test-method status="PASS" signature="quit()[pri:0, instance:myntratestpages.Categorytestpage@2b98378d]" name="quit" is-config="true" duration-ms="1370" started-at="2020-07-14T12:34:58Z" finished-at="2020-07-14T12:35:00Z">
          <reporter-output>
          </reporter-output>
        </test-method> <!-- quit -->
      </class> <!-- myntratestpages.Categorytestpage -->
    </test> <!-- Default test -->
  </suite> <!-- Default suite -->
</testng-results>
