<?xml version="1.0" encoding="UTF-8"?>
<!-- Generated by org.testng.reporters.JUnitReportReporter -->
<testsuite skipped="0" hostname="PMCLAP1279" name="myntratestpages.Producttestpage" tests="12" failures="0" timestamp="14 Jul 2020 12:08:58 GMT" time="504.180" errors="2">
  <testcase name="clickchangebutton" time="44.204" classname="myntratestpages.Producttestpage"/>
  <testcase name="productname" time="39.421" classname="myntratestpages.Producttestpage"/>
  <testcase name="size30" time="48.116" classname="myntratestpages.Producttestpage"/>
  <testcase name="displaytickicon" time="40.902" classname="myntratestpages.Producttestpage"/>
  <testcase name="emiplan" time="39.881" classname="myntratestpages.Producttestpage">
    <error type="java.lang.Error" message="Unresolved compilation problem: 
	The method until(Function&lt;? super WebDriver,V&gt;) in the type FluentWait&lt;WebDriver&gt; is not applicable for the arguments (ExpectedCondition&lt;WebElement&gt;)
">
      <![CDATA[java.lang.Error: Unresolved compilation problem: 
The method until(Function<? super WebDriver,V>) in the type FluentWait<WebDriver> is not applicable for the arguments (ExpectedCondition<WebElement>)

at myntrapages.Productpage.emiplan(Productpage.java:117)
at myntratestpages.Producttestpage.emiplan(Producttestpage.java:115)
at sun.reflect.NativeMethodAccessorImpl.invoke0(Native Method)
at sun.reflect.NativeMethodAccessorImpl.invoke(NativeMethodAccessorImpl.java:62)
at sun.reflect.DelegatingMethodAccessorImpl.invoke(DelegatingMethodAccessorImpl.java:43)
at java.lang.reflect.Method.invoke(Method.java:498)
at org.testng.internal.MethodInvocationHelper.invokeMethod(MethodInvocationHelper.java:124)
at org.testng.internal.Invoker.invokeMethod(Invoker.java:583)
at org.testng.internal.Invoker.invokeTestMethod(Invoker.java:719)
at org.testng.internal.Invoker.invokeTestMethods(Invoker.java:989)
at org.testng.internal.TestMethodWorker.invokeTestMethods(TestMethodWorker.java:125)
at org.testng.internal.TestMethodWorker.run(TestMethodWorker.java:109)
at org.testng.TestRunner.privateRun(TestRunner.java:648)
at org.testng.TestRunner.run(TestRunner.java:505)
at org.testng.SuiteRunner.runTest(SuiteRunner.java:455)
at org.testng.SuiteRunner.runSequentially(SuiteRunner.java:450)
at org.testng.SuiteRunner.privateRun(SuiteRunner.java:415)
at org.testng.SuiteRunner.run(SuiteRunner.java:364)
at org.testng.SuiteRunnerWorker.runSuite(SuiteRunnerWorker.java:52)
at org.testng.SuiteRunnerWorker.run(SuiteRunnerWorker.java:84)
at org.testng.TestNG.runSuitesSequentially(TestNG.java:1208)
at org.testng.TestNG.runSuitesLocally(TestNG.java:1137)
at org.testng.TestNG.runSuites(TestNG.java:1049)
at org.testng.TestNG.run(TestNG.java:1017)
at org.testng.remote.AbstractRemoteTestNG.run(AbstractRemoteTestNG.java:114)
at org.testng.remote.RemoteTestNG.initAndRun(RemoteTestNG.java:251)
at org.testng.remote.RemoteTestNG.main(RemoteTestNG.java:77)
]]>
    </error>
  </testcase> <!-- emiplan -->
  <testcase name="cartadded" time="40.350" classname="myntratestpages.Producttestpage"/>
  <testcase name="clickcart" time="41.140" classname="myntratestpages.Producttestpage"/>
  <testcase name="displaybreadcrumb" time="40.418" classname="myntratestpages.Producttestpage"/>
  <testcase name="title" time="42.794" classname="myntratestpages.Producttestpage"/>
  <testcase name="pincodevalidationmessage" time="40.248" classname="myntratestpages.Producttestpage">
    <error type="java.lang.Error" message="Unresolved compilation problem: 
	The method until(Function&lt;? super WebDriver,V&gt;) in the type FluentWait&lt;WebDriver&gt; is not applicable for the arguments (ExpectedCondition&lt;WebElement&gt;)
">
      <![CDATA[java.lang.Error: Unresolved compilation problem: 
The method until(Function<? super WebDriver,V>) in the type FluentWait<WebDriver> is not applicable for the arguments (ExpectedCondition<WebElement>)

at myntrapages.Productpage.invalidpincodevalidation(Productpage.java:112)
at myntratestpages.Producttestpage.pincodevalidationmessage(Producttestpage.java:108)
at sun.reflect.NativeMethodAccessorImpl.invoke0(Native Method)
at sun.reflect.NativeMethodAccessorImpl.invoke(NativeMethodAccessorImpl.java:62)
at sun.reflect.DelegatingMethodAccessorImpl.invoke(DelegatingMethodAccessorImpl.java:43)
at java.lang.reflect.Method.invoke(Method.java:498)
at org.testng.internal.MethodInvocationHelper.invokeMethod(MethodInvocationHelper.java:124)
at org.testng.internal.Invoker.invokeMethod(Invoker.java:583)
at org.testng.internal.Invoker.invokeTestMethod(Invoker.java:719)
at org.testng.internal.Invoker.invokeTestMethods(Invoker.java:989)
at org.testng.internal.TestMethodWorker.invokeTestMethods(TestMethodWorker.java:125)
at org.testng.internal.TestMethodWorker.run(TestMethodWorker.java:109)
at org.testng.TestRunner.privateRun(TestRunner.java:648)
at org.testng.TestRunner.run(TestRunner.java:505)
at org.testng.SuiteRunner.runTest(SuiteRunner.java:455)
at org.testng.SuiteRunner.runSequentially(SuiteRunner.java:450)
at org.testng.SuiteRunner.privateRun(SuiteRunner.java:415)
at org.testng.SuiteRunner.run(SuiteRunner.java:364)
at org.testng.SuiteRunnerWorker.runSuite(SuiteRunnerWorker.java:52)
at org.testng.SuiteRunnerWorker.run(SuiteRunnerWorker.java:84)
at org.testng.TestNG.runSuitesSequentially(TestNG.java:1208)
at org.testng.TestNG.runSuitesLocally(TestNG.java:1137)
at org.testng.TestNG.runSuites(TestNG.java:1049)
at org.testng.TestNG.run(TestNG.java:1017)
at org.testng.remote.AbstractRemoteTestNG.run(AbstractRemoteTestNG.java:114)
at org.testng.remote.RemoteTestNG.initAndRun(RemoteTestNG.java:251)
at org.testng.remote.RemoteTestNG.main(RemoteTestNG.java:77)
]]>
    </error>
  </testcase> <!-- pincodevalidationmessage -->
  <testcase name="sizechartconatinerdisplay" time="42.351" classname="myntratestpages.Producttestpage"/>
  <testcase name="pincodevalidation" time="44.355" classname="myntratestpages.Producttestpage"/>
</testsuite> <!-- myntratestpages.Producttestpage -->
